Using pre-set license
Built from '6000.0/staging' branch; Version is '6000.0.42f1 (feb9a7235030) revision 16693671'; Using compiler version '193933523'; Build Type 'Release'
OS: 'Windows 11  (10.0.26100) 64bit Enterprise' Language: 'zh' Physical Memory: 7933 MB
BatchMode: 1, IsHumanControllingUs: 0, StartBugReporterOnCrash: 0, Is64bit: 1, IsPro: 1

COMMAND LINE ARGUMENTS:
D:\Unity\6000.0.42f1\Editor\Unity.exe
-adb2
-batchMode
-noUpm
-name
AssetImportWorker0
-projectPath
D:/Unity/2d demo
-logFile
Logs/AssetImportWorker0.log
-srvPort
63099
-job-worker-count
5
-background-job-worker-count
8
-gc-helper-count
1
Successfully changed project path to: D:/Unity/2d demo
D:/Unity/2d demo
[UnityMemory] Configuration Parameters - Can be set up in boot.config
    "memorysetup-bucket-allocator-granularity=16"
    "memorysetup-bucket-allocator-bucket-count=8"
    "memorysetup-bucket-allocator-block-size=33554432"
    "memorysetup-bucket-allocator-block-count=8"
    "memorysetup-main-allocator-block-size=16777216"
    "memorysetup-thread-allocator-block-size=16777216"
    "memorysetup-gfx-main-allocator-block-size=16777216"
    "memorysetup-gfx-thread-allocator-block-size=16777216"
    "memorysetup-cache-allocator-block-size=4194304"
    "memorysetup-typetree-allocator-block-size=2097152"
    "memorysetup-profiler-bucket-allocator-granularity=16"
    "memorysetup-profiler-bucket-allocator-bucket-count=8"
    "memorysetup-profiler-bucket-allocator-block-size=33554432"
    "memorysetup-profiler-bucket-allocator-block-count=8"
    "memorysetup-profiler-allocator-block-size=16777216"
    "memorysetup-profiler-editor-allocator-block-size=1048576"
    "memorysetup-temp-allocator-size-main=16777216"
    "memorysetup-job-temp-allocator-block-size=2097152"
    "memorysetup-job-temp-allocator-block-size-background=1048576"
    "memorysetup-job-temp-allocator-reduction-small-platforms=262144"
    "memorysetup-allocator-temp-initial-block-size-main=262144"
    "memorysetup-allocator-temp-initial-block-size-worker=262144"
    "memorysetup-temp-allocator-size-background-worker=32768"
    "memorysetup-temp-allocator-size-job-worker=262144"
    "memorysetup-temp-allocator-size-preload-manager=33554432"
    "memorysetup-temp-allocator-size-nav-mesh-worker=65536"
    "memorysetup-temp-allocator-size-audio-worker=65536"
    "memorysetup-temp-allocator-size-cloud-worker=32768"
    "memorysetup-temp-allocator-size-gi-baking-worker=262144"
    "memorysetup-temp-allocator-size-gi-baking-worker=262144"
    "memorysetup-temp-allocator-size-gi-baking-worker=262144"
    "memorysetup-temp-allocator-size-gi-baking-worker=262144"
    "memorysetup-temp-allocator-size-gi-baking-worker=262144"
    "memorysetup-temp-allocator-size-gfx=262144"
Player connection [9200]  Target information:

Player connection [9200]  * "[IP] 140.127.178.171 [Port] 0 [Flags] 2 [Guid] 2089189014 [EditorId] 2089189014 [Version] 1048832 [Id] WindowsEditor(7,DESKTOP-CIS3FDO) [Debug] 1 [PackageName] WindowsEditor [ProjectName] Editor" 

Player connection [9200] Host joined multi-casting on [225.0.0.222:54997]...
Player connection [9200] Host joined alternative multi-casting on [225.0.0.222:34997]...
JobSystem: Creating JobQueue using job-worker-count value 5
Input System module state changed to: Initialized.
[Physics::Module] Initialized fallback backend.
[Physics::Module] Id: 0xdecafbad
Library Redirect Path: Library/
[Physics::Module] Selected backend.
[Physics::Module] Name: PhysX
[Physics::Module] Id: 0xf2b8ea05
[Physics::Module] SDK Version: 4.1.2
[Physics::Module] Integration Version: 1.0.0
[Physics::Module] Threading Mode: Multi-Threaded
Refreshing native plugins compatible for Editor in 1071.62 ms, found 2 plugins.
Preloading 0 native plugins for Editor in 0.00 ms.
Initialize engine version: 6000.0.42f1 (feb9a7235030)
[Subsystems] Discovering subsystems at path D:/Unity/6000.0.42f1/Editor/Data/Resources/UnitySubsystems
[Subsystems] Discovering subsystems at path D:/Unity/2d demo/Assets
GfxDevice: creating device client; kGfxThreadingModeNonThreaded
Direct3D:
    Version:  Direct3D 11.0 [level 11.1]
    Renderer: Intel(R) UHD Graphics 730 (ID=0x4692)
    Vendor:   Intel
    VRAM:     3966 MB
    Driver:   31.0.101.5081
Initialize mono
Mono path[0] = 'D:/Unity/6000.0.42f1/Editor/Data/Managed'
Mono path[1] = 'D:/Unity/6000.0.42f1/Editor/Data/MonoBleedingEdge/lib/mono/unityjit-win32'
Mono config path = 'D:/Unity/6000.0.42f1/Editor/Data/MonoBleedingEdge/etc'
Using monoOptions --debugger-agent=transport=dt_socket,embedding=1,server=y,suspend=n,address=127.0.0.1:56172
Begin MonoManager ReloadAssembly
Registering precompiled unity dll's ...
Register platform support module: D:/Unity/6000.0.42f1/Editor/Data/PlaybackEngines/WebGLSupport/UnityEditor.WebGL.Extensions.dll
Register platform support module: D:/Unity/6000.0.42f1/Editor/Data/PlaybackEngines/WindowsStandaloneSupport/UnityEditor.WindowsStandalone.Extensions.dll
Registered in 0.542010 seconds.
- Loaded All Assemblies, in 22.154 seconds
Native extension for WindowsStandalone target not found
Native extension for WebGL target not found
Mono: successfully reloaded assembly
- Finished resetting the current domain, in  5.764 seconds
Domain Reload Profiling: 27917ms
	BeginReloadAssembly (12414ms)
		ExecutionOrderSort (0ms)
		DisableScriptedObjects (0ms)
		BackupInstance (0ms)
		ReleaseScriptingObjects (0ms)
		CreateAndSetChildDomain (118ms)
	RebuildCommonClasses (2549ms)
	RebuildNativeTypeToScriptingClass (10ms)
	initialDomainReloadingComplete (3638ms)
	LoadAllAssembliesAndSetupDomain (3542ms)
		LoadAssemblies (12393ms)
		RebuildTransferFunctionScriptingTraits (0ms)
		AnalyzeDomain (3178ms)
			TypeCache.Refresh (3165ms)
				TypeCache.ScanAssembly (2602ms)
			BuildScriptInfoCaches (6ms)
			ResolveRequiredComponents (5ms)
	FinalizeReload (5765ms)
		ReleaseScriptCaches (0ms)
		RebuildScriptCaches (0ms)
		SetupLoadedEditorAssemblies (4785ms)
			LogAssemblyErrors (0ms)
			InitializePlatformSupportModulesInManaged (221ms)
			SetLoadedEditorAssemblies (4ms)
			BeforeProcessingInitializeOnLoad (250ms)
			ProcessInitializeOnLoadAttributes (3631ms)
			ProcessInitializeOnLoadMethodAttributes (678ms)
			AfterProcessingInitializeOnLoad (0ms)
			EditorAssembliesLoaded (0ms)
		ExecutionOrderSort2 (0ms)
		AwakeInstancesAfterBackupRestoration (0ms)
Assertion failed on expression: 'IsFileCreated(assemblyPath)'
Assertion failed on expression: 'IsFileCreated(assemblyPath)'
Assertion failed on expression: 'IsFileCreated(assemblyPath)'
Assertion failed on expression: 'IsFileCreated(assemblyPath)'
Assertion failed on expression: 'IsFileCreated(assemblyPath)'
Assertion failed on expression: 'IsFileCreated(assemblyPath)'
Compilation Pipeline: Could not read file Packages/com.unity.collab-proxy/Editor/Toolbar/Unity.CollabProxy.Editor.asmdef
Fatal Error! Compilation Pipeline: Could not read file Packages/com.unity.collab-proxy/Editor/Toolbar/Unity.CollabProxy.Editor.asmdef
Crash!!!
SymInit: Symbol-SearchPath: 'D:/Unity/6000.0.42f1/Editor/Data/Mono;.;D:\Unity\2d demo;D:\Unity\2d demo\Library\BurstCache\JIT;D:\Unity\6000.0.42f1\Editor;C:\WINDOWS;C:\WINDOWS\system32;', symOptions: 534, UserName: 'user'
OS-Version: 10.0.0
D:\Unity\6000.0.42f1\Editor\Unity.exe:Unity.exe (00007FF7B7DF0000), size: 299008 (result: 0), SymType: '-deferred-', PDB: '', fileVersion: 6000.0.42.47527
C:\WINDOWS\SYSTEM32\ntdll.dll:ntdll.dll (00007FFA48B00000), size: 2514944 (result: 0), SymType: '-deferred-', PDB: '', fileVersion: 10.0.26100.3912
C:\WINDOWS\System32\KERNEL32.DLL:KERNEL32.DLL (00007FFA479E0000), size: 823296 (result: 0), SymType: '-deferred-', PDB: '', fileVersion: 10.0.26100.3912
C:\WINDOWS\System32\KERNELBASE.dll:KERNELBASE.dll (00007FFA46220000), size: 3981312 (result: 0), SymType: '-deferred-', PDB: '', fileVersion: 10.0.26100.3912
C:\WINDOWS\SYSTEM32\apphelp.dll:apphelp.dll (00007FFA42E20000), size: 647168 (result: 0), SymType: '-deferred-', PDB: '', fileVersion: 10.0.26100.3912
C:\WINDOWS\System32\USER32.dll:USER32.dll (00007FFA48800000), size: 1875968 (result: 0), SymType: '-deferred-', PDB: '', fileVersion: 10.0.26100.3912
C:\WINDOWS\System32\win32u.dll:win32u.dll (00007FFA45F50000), size: 159744 (result: 0), SymType: '-deferred-', PDB: '', fileVersion: 10.0.26100.3912
C:\WINDOWS\System32\GDI32.dll:GDI32.dll (00007FFA48440000), size: 176128 (result: 0), SymType: '-deferred-', PDB: '', fileVersion: 10.0.26100.3912
C:\WINDOWS\System32\gdi32full.dll:gdi32full.dll (00007FFA45C90000), size: 1253376 (result: 0), SymType: '-deferred-', PDB: '', fileVersion: 10.0.26100.3912
C:\WINDOWS\System32\msvcp_win.dll:msvcp_win.dll (00007FFA46170000), size: 667648 (result: 0), SymType: '-deferred-', PDB: '', fileVersion: 10.0.26100.3912
C:\WINDOWS\System32\ucrtbase.dll:ucrtbase.dll (00007FFA46770000), size: 1355776 (result: 0), SymType: '-deferred-', PDB: '', fileVersion: 10.0.26100.3912
C:\WINDOWS\System32\IMM32.DLL:IMM32.DLL (00007FFA48250000), size: 196608 (result: 0), SymType: '-deferred-', PDB: '', fileVersion: 10.0.26100.3912
D:\Unity\6000.0.42f1\Editor\Unity.dll:Unity.dll (00007FF961960000), size: 87154688 (result: 0), SymType: '-deferred-', PDB: '', fileVersion: 6000.0.42.47527
C:\WINDOWS\System32\CRYPT32.dll:CRYPT32.dll (00007FFA465F0000), size: 1536000 (result: 0), SymType: '-deferred-', PDB: '', fileVersion: 10.0.26100.3775
C:\WINDOWS\System32\ADVAPI32.dll:ADVAPI32.dll (00007FFA47ED0000), size: 729088 (result: 0), SymType: '-deferred-', PDB: '', fileVersion: 10.0.26100.3775
C:\WINDOWS\System32\msvcrt.dll:msvcrt.dll (00007FFA48570000), size: 692224 (result: 0), SymType: '-deferred-', PDB: '', fileVersion: 7.0.26100.3912
C:\WINDOWS\System32\sechost.dll:sechost.dll (00007FFA489D0000), size: 679936 (result: 0), SymType: '-deferred-', PDB: '', fileVersion: 10.0.26100.3775
C:\WINDOWS\System32\RPCRT4.dll:RPCRT4.dll (00007FFA48310000), size: 1138688 (result: 0), SymType: '-deferred-', PDB: '', fileVersion: 10.0.26100.3037
C:\WINDOWS\System32\ole32.dll:ole32.dll (00007FFA47F90000), size: 1699840 (result: 0), SymType: '-deferred-', PDB: '', fileVersion: 10.0.26100.3912
C:\WINDOWS\System32\combase.dll:combase.dll (00007FFA47AB0000), size: 3686400 (result: 0), SymType: '-deferred-', PDB: '', fileVersion: 10.0.26100.3912
D:\Unity\6000.0.42f1\Editor\s3tcompress.dll:s3tcompress.dll (00007FFA395B0000), size: 180224 (result: 0), SymType: '-deferred-', PDB: ''
D:\Unity\6000.0.42f1\Editor\etccompress.dll:etccompress.dll (00007FF96D7F0000), size: 5070848 (result: 0), SymType: '-deferred-', PDB: ''
C:\WINDOWS\System32\SETUPAPI.dll:SETUPAPI.dll (00007FFA472F0000), size: 4743168 (result: 0), SymType: '-deferred-', PDB: '', fileVersion: 10.0.26100.3912
C:\WINDOWS\System32\SHELL32.dll:SHELL32.dll (00007FFA46BC0000), size: 7524352 (result: 0), SymType: '-deferred-', PDB: '', fileVersion: 10.0.26100.3912
C:\WINDOWS\System32\wintypes.dll:wintypes.dll (00007FFA45DD0000), size: 1523712 (result: 0), SymType: '-deferred-', PDB: '', fileVersion: 10.0.26100.3912
C:\WINDOWS\System32\SHLWAPI.dll:SHLWAPI.dll (00007FFA48790000), size: 430080 (result: 0), SymType: '-deferred-', PDB: '', fileVersion: 10.0.26100.3912
C:\WINDOWS\System32\WS2_32.dll:WS2_32.dll (00007FFA48290000), size: 475136 (result: 0), SymType: '-deferred-', PDB: '', fileVersion: 10.0.26100.1882
C:\WINDOWS\System32\OLEAUT32.dll:OLEAUT32.dll (00007FFA48470000), size: 917504 (result: 0), SymType: '-deferred-', PDB: '', fileVersion: 10.0.26100.3912
C:\WINDOWS\System32\WINTRUST.dll:WINTRUST.dll (00007FFA45F80000), size: 524288 (result: 0), SymType: '-deferred-', PDB: '', fileVersion: 10.0.26100.3912
D:\Unity\6000.0.42f1\Editor\ispc_texcomp.dll:ispc_texcomp.dll (00007FF972D20000), size: 1826816 (result: 0), SymType: '-deferred-', PDB: ''
D:\Unity\6000.0.42f1\Editor\libfbxsdk.dll:libfbxsdk.dll (00007FF95F9C0000), size: 8019968 (result: 0), SymType: '-deferred-', PDB: '', fileVersion: 2020.3.7.0
D:\Unity\6000.0.42f1\Editor\compress_bc7e.dll:compress_bc7e.dll (00007FF9CF0F0000), size: 1433600 (result: 0), SymType: '-deferred-', PDB: ''
D:\Unity\6000.0.42f1\Editor\FreeImage.dll:FreeImage.dll (0000000180000000), size: 5783552 (result: 0), SymType: '-deferred-', PDB: '', fileVersion: 3.18.0.0
D:\Unity\6000.0.42f1\Editor\umbraoptimizer64.dll:umbraoptimizer64.dll (00007FF9B1110000), size: 1187840 (result: 0), SymType: '-deferred-', PDB: ''
D:\Unity\6000.0.42f1\Editor\WinPixEventRuntime.dll:WinPixEventRuntime.dll (00007FFA24930000), size: 53248 (result: 0), SymType: '-deferred-', PDB: '', fileVersion: 1.0.2201.24001
C:\WINDOWS\SYSTEM32\bcrypt.dll:bcrypt.dll (00007FFA45B70000), size: 155648 (result: 0), SymType: '-deferred-', PDB: '', fileVersion: 10.0.26100.3037
C:\WINDOWS\SYSTEM32\d3d11.dll:d3d11.dll (00007FFA41AF0000), size: 2514944 (result: 0), SymType: '-deferred-', PDB: '', fileVersion: 10.0.26100.3912
C:\WINDOWS\SYSTEM32\dwmapi.dll:dwmapi.dll (00007FFA43240000), size: 221184 (result: 0), SymType: '-deferred-', PDB: '', fileVersion: 10.0.26100.3912
C:\WINDOWS\SYSTEM32\dxgi.dll:dxgi.dll (00007FFA430E0000), size: 1257472 (result: 0), SymType: '-deferred-', PDB: '', fileVersion: 10.0.26100.3912
C:\WINDOWS\SYSTEM32\d3d12.dll:d3d12.dll (00007FFA0B240000), size: 143360 (result: 0), SymType: '-deferred-', PDB: '', fileVersion: 10.0.26100.3624
C:\WINDOWS\SYSTEM32\IPHLPAPI.DLL:IPHLPAPI.DLL (00007FFA44430000), size: 208896 (result: 0), SymType: '-deferred-', PDB: '', fileVersion: 10.0.26100.3912
C:\WINDOWS\SYSTEM32\OPENGL32.dll:OPENGL32.dll (00007FF9B3890000), size: 1097728 (result: 0), SymType: '-deferred-', PDB: '', fileVersion: 10.0.26100.3624
C:\WINDOWS\SYSTEM32\WINHTTP.dll:WINHTTP.dll (00007FFA39BE0000), size: 1171456 (result: 0), SymType: '-deferred-', PDB: '', fileVersion: 10.0.26100.3912
C:\WINDOWS\SYSTEM32\WINMM.dll:WINMM.dll (00007FFA3E6D0000), size: 221184 (result: 0), SymType: '-deferred-', PDB: '', fileVersion: 10.0.26100.3624
C:\WINDOWS\SYSTEM32\GLU32.dll:GLU32.dll (00007FFA18E60000), size: 184320 (result: 0), SymType: '-deferred-', PDB: '', fileVersion: 10.0.26100.1150
D:\Unity\6000.0.42f1\Editor\SketchUpAPI.dll:SketchUpAPI.dll (00007FF95F120000), size: 8990720 (result: 0), SymType: '-deferred-', PDB: '', fileVersion: 23.0.0.0
C:\WINDOWS\SYSTEM32\HID.DLL:HID.DLL (00007FFA44140000), size: 61440 (result: 0), SymType: '-deferred-', PDB: '', fileVersion: 10.0.26100.1150
D:\Unity\6000.0.42f1\Editor\NativeProxyHelper.dll:NativeProxyHelper.dll (00007FF969D40000), size: 1789952 (result: 0), SymType: '-deferred-', PDB: ''
C:\WINDOWS\SYSTEM32\VERSION.dll:VERSION.dll (00007FFA35800000), size: 45056 (result: 0), SymType: '-deferred-', PDB: '', fileVersion: 10.0.26100.1150
C:\WINDOWS\SYSTEM32\WSOCK32.dll:WSOCK32.dll (00007FFA2EF20000), size: 40960 (result: 0), SymType: '-deferred-', PDB: '', fileVersion: 10.0.26100.1
C:\WINDOWS\SYSTEM32\MSVCP140.dll:MSVCP140.dll (00007FF9F00A0000), size: 577536 (result: 0), SymType: '-deferred-', PDB: '', fileVersion: 14.42.34433.0
C:\WINDOWS\SYSTEM32\VCRUNTIME140.dll:VCRUNTIME140.dll (00007FF9F0080000), size: 122880 (result: 0), SymType: '-deferred-', PDB: '', fileVersion: 14.42.34433.0
C:\WINDOWS\SYSTEM32\VCRUNTIME140_1.dll:VCRUNTIME140_1.dll (00007FFA22BF0000), size: 49152 (result: 0), SymType: '-deferred-', PDB: '', fileVersion: 14.42.34433.0
C:\WINDOWS\SYSTEM32\dxcore.dll:dxcore.dll (00007FFA43020000), size: 290816 (result: 0), SymType: '-deferred-', PDB: '', fileVersion: 10.0.26100.3624
D:\Unity\6000.0.42f1\Editor\SketchUpCommonPreferences.dll:SketchUpCommonPreferences.dll (00007FF9E9320000), size: 499712 (result: 0), SymType: '-deferred-', PDB: '', fileVersion: 23.0.0.0
C:\WINDOWS\SYSTEM32\Secur32.dll:Secur32.dll (00007FFA42E10000), size: 53248 (result: 0), SymType: '-deferred-', PDB: '', fileVersion: 10.0.26100.1
C:\WINDOWS\SYSTEM32\SSPICLI.DLL:SSPICLI.DLL (00007FFA44CB0000), size: 294912 (result: 0), SymType: '-deferred-', PDB: '', fileVersion: 10.0.26100.3775
D:\Unity\6000.0.42f1\Editor\OpenRL.dll:OpenRL.dll (000001F3ECC00000), size: 12779520 (result: 0), SymType: '-deferred-', PDB: '', fileVersion: 1.5.0.2907
D:\Unity\6000.0.42f1\Editor\embree.dll:embree.dll (00007FF95E130000), size: 16711680 (result: 0), SymType: '-deferred-', PDB: '', fileVersion: 2.14.0.0
C:\WINDOWS\SYSTEM32\MSVCR100.dll:MSVCR100.dll (0000000059C40000), size: 860160 (result: 0), SymType: '-deferred-', PDB: '', fileVersion: 10.0.40219.325
C:\WINDOWS\SYSTEM32\MSVCP100.dll:MSVCP100.dll (0000000059D20000), size: 622592 (result: 0), SymType: '-deferred-', PDB: '', fileVersion: 10.0.40219.325
D:\Unity\6000.0.42f1\Editor\tbb.dll:tbb.dll (00007FF9DC620000), size: 303104 (result: 0), SymType: '-deferred-', PDB: '', fileVersion: 2020.3.2022.1111
C:\WINDOWS\SYSTEM32\cfgmgr32.DLL:cfgmgr32.DLL (00007FFA458D0000), size: 356352 (result: 0), SymType: '-deferred-', PDB: '', fileVersion: 10.0.26100.3912
C:\WINDOWS\SYSTEM32\MSWSOCK.DLL:MSWSOCK.DLL (00007FFA44F60000), size: 434176 (result: 0), SymType: '-deferred-', PDB: '', fileVersion: 10.0.26100.3624
D:\Unity\6000.0.42f1\Editor\OpenRL_pthread.dll:OpenRL_pthread.dll (000001F3ECB60000), size: 61440 (result: 0), SymType: '-deferred-', PDB: '', fileVersion: 2.9.0.0
C:\WINDOWS\SYSTEM32\directxdatabasehelper.dll:directxdatabasehelper.dll (00007FFA43070000), size: 393216 (result: 0), SymType: '-deferred-', PDB: '', fileVersion: 10.0.26100.3912
C:\WINDOWS\SYSTEM32\kernel.appcore.dll:kernel.appcore.dll (00007FFA44A10000), size: 106496 (result: 0), SymType: '-deferred-', PDB: '', fileVersion: 10.0.26100.3912
C:\WINDOWS\System32\bcryptPrimitives.dll:bcryptPrimitives.dll (00007FFA460D0000), size: 626688 (result: 0), SymType: '-deferred-', PDB: '', fileVersion: 10.0.26100.3037
C:\WINDOWS\SYSTEM32\MSASN1.dll:MSASN1.dll (00007FFA45410000), size: 77824 (result: 0), SymType: '-deferred-', PDB: '', fileVersion: 10.0.26100.2894
C:\WINDOWS\system32\uxtheme.dll:uxtheme.dll (00007FFA42F20000), size: 716800 (result: 0), SymType: '-deferred-', PDB: '', fileVersion: 10.0.26100.3912
C:\WINDOWS\SYSTEM32\windows.storage.dll:windows.storage.dll (00007FFA438E0000), size: 8740864 (result: 0), SymType: '-deferred-', PDB: '', fileVersion: 10.0.26100.3912
C:\WINDOWS\System32\SHCORE.dll:SHCORE.dll (00007FFA469F0000), size: 978944 (result: 0), SymType: '-deferred-', PDB: '', fileVersion: 10.0.26100.3912
C:\WINDOWS\SYSTEM32\profapi.dll:profapi.dll (00007FFA45BA0000), size: 192512 (result: 0), SymType: '-deferred-', PDB: '', fileVersion: 10.0.26100.3912
C:\WINDOWS\system32\IconCodecService.dll:IconCodecService.dll (00007FFA2EC60000), size: 45056 (result: 0), SymType: '-deferred-', PDB: '', fileVersion: 10.0.26100.1
C:\WINDOWS\SYSTEM32\WindowsCodecs.dll:WindowsCodecs.dll (00007FFA41640000), size: 2334720 (result: 0), SymType: '-deferred-', PDB: '', fileVersion: 10.0.26100.3912
C:\WINDOWS\System32\clbcatq.dll:clbcatq.dll (00007FFA468C0000), size: 688128 (result: 0), SymType: '-deferred-', PDB: '', fileVersion: 2001.12.10941.16384
C:\WINDOWS\System32\netprofm.dll:netprofm.dll (00007FFA3E650000), size: 413696 (result: 0), SymType: '-deferred-', PDB: '', fileVersion: 10.0.26100.2454
C:\WINDOWS\System32\npmproxy.dll:npmproxy.dll (00007FFA39210000), size: 102400 (result: 0), SymType: '-deferred-', PDB: '', fileVersion: 10.0.26100.1150
C:\WINDOWS\System32\NSI.dll:NSI.dll (00007FFA48AB0000), size: 40960 (result: 0), SymType: '-deferred-', PDB: '', fileVersion: 10.0.26100.2894
C:\WINDOWS\SYSTEM32\dhcpcsvc6.DLL:dhcpcsvc6.DLL (00007FFA3E410000), size: 126976 (result: 0), SymType: '-deferred-', PDB: '', fileVersion: 10.0.26100.3912
C:\WINDOWS\SYSTEM32\dhcpcsvc.DLL:dhcpcsvc.DLL (00007FFA39BB0000), size: 151552 (result: 0), SymType: '-deferred-', PDB: '', fileVersion: 10.0.26100.3912
C:\WINDOWS\SYSTEM32\DNSAPI.dll:DNSAPI.dll (00007FFA444C0000), size: 1208320 (result: 0), SymType: '-deferred-', PDB: '', fileVersion: 10.0.26100.3912
C:\WINDOWS\system32\napinsp.dll:napinsp.dll (00007FFA2D760000), size: 98304 (result: 0), SymType: '-deferred-', PDB: '', fileVersion: 10.0.26100.1150
C:\WINDOWS\System32\winrnr.dll:winrnr.dll (00007FFA2C630000), size: 73728 (result: 0), SymType: '-deferred-', PDB: '', fileVersion: 10.0.26100.1882
C:\WINDOWS\system32\nlansp_c.dll:nlansp_c.dll (00007FFA28C00000), size: 196608 (result: 0), SymType: '-deferred-', PDB: '', fileVersion: 10.0.26100.3912
C:\WINDOWS\system32\wshbth.dll:wshbth.dll (00007FFA31300000), size: 90112 (result: 0), SymType: '-deferred-', PDB: '', fileVersion: 10.0.26100.1882
C:\WINDOWS\System32\fwpuclnt.dll:fwpuclnt.dll (00007FFA397D0000), size: 548864 (result: 0), SymType: '-deferred-', PDB: '', fileVersion: 10.0.26100.3912
C:\Windows\System32\rasadhlp.dll:rasadhlp.dll (00007FFA38C30000), size: 45056 (result: 0), SymType: '-deferred-', PDB: '', fileVersion: 10.0.26100.1150
D:\Unity\6000.0.42f1\Editor\AMDUnityPlugin.DLL:AMDUnityPlugin.DLL (00007FF95CBD0000), size: 8814592 (result: 0), SymType: '-deferred-', PDB: ''
D:\Unity\6000.0.42f1\Editor\NVUnityPlugin.DLL:NVUnityPlugin.DLL (00007FF9A5F00000), size: 1609728 (result: 0), SymType: '-deferred-', PDB: ''
D:\Unity\6000.0.42f1\Editor\Data\Tools\astcenc-avx2.dll:astcenc-avx2.dll (00007FF9AC220000), size: 364544 (result: 0), SymType: '-deferred-', PDB: ''
C:\WINDOWS\System32\MMDevApi.dll:MMDevApi.dll (00007FFA38B30000), size: 630784 (result: 0), SymType: '-deferred-', PDB: '', fileVersion: 10.0.26100.3912
C:\WINDOWS\System32\DEVOBJ.dll:DEVOBJ.dll (00007FFA45930000), size: 184320 (result: 0), SymType: '-deferred-', PDB: '', fileVersion: 10.0.26100.1150
C:\WINDOWS\System32\DriverStore\FileRepository\iigd_dch.inf_amd64_0c275c9dcf6a10fa\igd10iumd64.dll:igd10iumd64.dll (00007FFA40030000), size: 4247552 (result: 0), SymType: '-deferred-', PDB: '', fileVersion: 31.0.101.5081
C:\WINDOWS\System32\DriverStore\FileRepository\iigd_dch.inf_amd64_0c275c9dcf6a10fa\igd10um64xe.DLL:igd10um64xe.DLL (00007FFA3E720000), size: 25526272 (result: 0), SymType: '-deferred-', PDB: '', fileVersion: 31.0.101.5081
C:\WINDOWS\System32\DriverStore\FileRepository\iigd_dch.inf_amd64_0c275c9dcf6a10fa\IntelControlLib.dll:IntelControlLib.dll (00007FFA3E530000), size: 602112 (result: 0), SymType: '-deferred-', PDB: '', fileVersion: 1.0.173.0
C:\WINDOWS\System32\DriverStore\FileRepository\iigd_dch.inf_amd64_0c275c9dcf6a10fa\igdgmm64.dll:igdgmm64.dll (00007FFA3DD10000), size: 4444160 (result: 0), SymType: '-deferred-', PDB: '', fileVersion: 31.0.101.5081
C:\WINDOWS\System32\DriverStore\FileRepository\iigd_dch.inf_amd64_0c275c9dcf6a10fa\igc64.dll:igc64.dll (00007FFA39D10000), size: 67067904 (result: 0), SymType: '-deferred-', PDB: '', fileVersion: 31.0.101.5081
C:\WINDOWS\system32\wbem\wbemprox.dll:wbemprox.dll (00007FFA322F0000), size: 73728 (result: 0), SymType: '-deferred-', PDB: '', fileVersion: 10.0.26100.1000
C:\WINDOWS\SYSTEM32\wbemcomn.dll:wbemcomn.dll (00007FFA32CA0000), size: 499712 (result: 0), SymType: '-deferred-', PDB: '', fileVersion: 10.0.26100.1150
C:\WINDOWS\system32\wbem\wbemsvc.dll:wbemsvc.dll (00007FFA31410000), size: 86016 (result: 0), SymType: '-deferred-', PDB: '', fileVersion: 10.0.26100.1000
C:\WINDOWS\system32\wbem\fastprox.dll:fastprox.dll (00007FFA31A80000), size: 983040 (result: 0), SymType: '-deferred-', PDB: '', fileVersion: 10.0.26100.3624
C:\WINDOWS\SYSTEM32\amsi.dll:amsi.dll (00007FFA31280000), size: 118784 (result: 0), SymType: '-deferred-', PDB: '', fileVersion: 10.0.26100.1150
C:\WINDOWS\SYSTEM32\USERENV.dll:USERENV.dll (00007FFA45000000), size: 176128 (result: 0), SymType: '-deferred-', PDB: '', fileVersion: 10.0.26100.2454
C:\ProgramData\Microsoft\Windows Defender\Platform\4.18.25030.2-0\MpOav.dll:MpOav.dll (00007FFA2F830000), size: 634880 (result: 0), SymType: '-deferred-', PDB: '', fileVersion: 4.18.25030.2
C:\WINDOWS\SYSTEM32\opencl.dll:opencl.dll (00007FFA13810000), size: 98304 (result: 0), SymType: '-deferred-', PDB: '', fileVersion: 3.0.6.0
D:\Unity\6000.0.42f1\Editor\radeonrays.dll:radeonrays.dll (00007FF9AC1C0000), size: 344064 (result: 0), SymType: '-deferred-', PDB: ''
D:\Unity\6000.0.42f1\Editor\Data\MonoBleedingEdge\EmbedRuntime\mono-2.0-bdwgc.dll:mono-2.0-bdwgc.dll (00007FF95C180000), size: 10756096 (result: 0), SymType: '-deferred-', PDB: ''
C:\WINDOWS\SYSTEM32\dbghelp.dll:dbghelp.dll (00007FFA2D990000), size: 2363392 (result: 0), SymType: '-deferred-', PDB: '', fileVersion: 10.0.26100.3037

========== OUTPUTTING STACK TRACE ==================

0x00007FFA462EA3BA (KERNELBASE) RaiseException
0x00007FF9634FF8F5 (Unity) EditorMonoConsole::LogToConsoleImplementation
0x00007FF9635005BA (Unity) EditorMonoConsole::LogToConsoleImplementation
0x00007FF9641B36DD (Unity) DebugStringToFilePostprocessedStacktrace
0x00007FF9641B2A78 (Unity) DebugStringToFile
0x00007FF963AB7C5C (Unity) RegisterAssemblyDefinition
0x00007FF963EE70B6 (Unity) ProcessAssemblyAssets
0x00007FF963EE7DC6 (Unity) UpdateScriptCompilationPipelineCaches
0x00007FF963DC2B74 (Unity) InitializeScriptPipelineCaches
0x00007FF96360B713 (Unity) Application::InitializeProject
0x00007FF963C13D25 (Unity) UnityMain
0x00007FF7B7DF2FBA (Unity) __scrt_common_main_seh
0x00007FFA47A0E8D7 (KERNEL32) BaseThreadInitThunk
0x00007FFA48B9C5DC (ntdll) RtlUserThreadStart

========== END OF STACKTRACE ===========

A crash has been intercepted by the crash handler. For call stack and other details, see the latest crash report generated in:
 * C:/Users/user/AppData/Local/Temp/Unity/Editor/Crashes
