Using pre-set license
Built from '6000.0/staging' branch; Version is '6000.0.42f1 (feb9a7235030) revision 16693671'; Using compiler version '193933523'; Build Type 'Release'
OS: 'Windows 11  (10.0.26100) 64bit Enterprise' Language: 'zh' Physical Memory: 7933 MB
BatchMode: 1, IsHumanControllingUs: 0, StartBugReporterOnCrash: 0, Is64bit: 1, IsPro: 1

COMMAND LINE ARGUMENTS:
D:\Unity\6000.0.42f1\Editor\Unity.exe
-adb2
-batchMode
-noUpm
-name
AssetImportWorker2
-projectPath
D:/Unity/2d demo
-logFile
Logs/AssetImportWorker2.log
-srvPort
63099
-job-worker-count
5
-background-job-worker-count
8
-gc-helper-count
1
Successfully changed project path to: D:/Unity/2d demo
D:/Unity/2d demo
[UnityMemory] Configuration Parameters - Can be set up in boot.config
    "memorysetup-bucket-allocator-granularity=16"
    "memorysetup-bucket-allocator-bucket-count=8"
    "memorysetup-bucket-allocator-block-size=33554432"
    "memorysetup-bucket-allocator-block-count=8"
    "memorysetup-main-allocator-block-size=16777216"
    "memorysetup-thread-allocator-block-size=16777216"
    "memorysetup-gfx-main-allocator-block-size=16777216"
    "memorysetup-gfx-thread-allocator-block-size=16777216"
    "memorysetup-cache-allocator-block-size=4194304"
    "memorysetup-typetree-allocator-block-size=2097152"
    "memorysetup-profiler-bucket-allocator-granularity=16"
    "memorysetup-profiler-bucket-allocator-bucket-count=8"
    "memorysetup-profiler-bucket-allocator-block-size=33554432"
    "memorysetup-profiler-bucket-allocator-block-count=8"
    "memorysetup-profiler-allocator-block-size=16777216"
    "memorysetup-profiler-editor-allocator-block-size=1048576"
    "memorysetup-temp-allocator-size-main=16777216"
    "memorysetup-job-temp-allocator-block-size=2097152"
    "memorysetup-job-temp-allocator-block-size-background=1048576"
    "memorysetup-job-temp-allocator-reduction-small-platforms=262144"
    "memorysetup-allocator-temp-initial-block-size-main=262144"
    "memorysetup-allocator-temp-initial-block-size-worker=262144"
    "memorysetup-temp-allocator-size-background-worker=32768"
    "memorysetup-temp-allocator-size-job-worker=262144"
    "memorysetup-temp-allocator-size-preload-manager=33554432"
    "memorysetup-temp-allocator-size-nav-mesh-worker=65536"
    "memorysetup-temp-allocator-size-audio-worker=65536"
    "memorysetup-temp-allocator-size-cloud-worker=32768"
    "memorysetup-temp-allocator-size-gi-baking-worker=262144"
    "memorysetup-temp-allocator-size-gi-baking-worker=262144"
    "memorysetup-temp-allocator-size-gi-baking-worker=262144"
    "memorysetup-temp-allocator-size-gi-baking-worker=262144"
    "memorysetup-temp-allocator-size-gi-baking-worker=262144"
    "memorysetup-temp-allocator-size-gfx=262144"
Player connection [23328]  Target information:

Player connection [23328]  * "[IP] 140.127.178.171 [Port] 0 [Flags] 2 [Guid] 3866190127 [EditorId] 3866190127 [Version] 1048832 [Id] WindowsEditor(7,DESKTOP-CIS3FDO) [Debug] 1 [PackageName] WindowsEditor [ProjectName] Editor" 

Player connection [23328] Host joined multi-casting on [225.0.0.222:54997]...
Player connection [23328] Host joined alternative multi-casting on [225.0.0.222:34997]...
JobSystem: Creating JobQueue using job-worker-count value 5
Input System module state changed to: Initialized.
[Physics::Module] Initialized fallback backend.
[Physics::Module] Id: 0xdecafbad
Library Redirect Path: Library/
[Physics::Module] Selected backend.
[Physics::Module] Name: PhysX
[Physics::Module] Id: 0xf2b8ea05
[Physics::Module] SDK Version: 4.1.2
[Physics::Module] Integration Version: 1.0.0
[Physics::Module] Threading Mode: Multi-Threaded
Refreshing native plugins compatible for Editor in 61.34 ms, found 4 plugins.
Preloading 0 native plugins for Editor in 0.00 ms.
Initialize engine version: 6000.0.42f1 (feb9a7235030)
[Subsystems] Discovering subsystems at path D:/Unity/6000.0.42f1/Editor/Data/Resources/UnitySubsystems
[Subsystems] Discovering subsystems at path D:/Unity/2d demo/Assets
GfxDevice: creating device client; kGfxThreadingModeNonThreaded
Direct3D:
    Version:  Direct3D 11.0 [level 11.1]
    Renderer: Intel(R) UHD Graphics 730 (ID=0x4692)
    Vendor:   Intel
    VRAM:     3966 MB
    Driver:   31.0.101.5081
Initialize mono
Mono path[0] = 'D:/Unity/6000.0.42f1/Editor/Data/Managed'
Mono path[1] = 'D:/Unity/6000.0.42f1/Editor/Data/MonoBleedingEdge/lib/mono/unityjit-win32'
Mono config path = 'D:/Unity/6000.0.42f1/Editor/Data/MonoBleedingEdge/etc'
Using monoOptions --debugger-agent=transport=dt_socket,embedding=1,server=y,suspend=n,address=127.0.0.1:56132
Begin MonoManager ReloadAssembly
Registering precompiled unity dll's ...
Register platform support module: D:/Unity/6000.0.42f1/Editor/Data/PlaybackEngines/WebGLSupport/UnityEditor.WebGL.Extensions.dll
Register platform support module: D:/Unity/6000.0.42f1/Editor/Data/PlaybackEngines/WindowsStandaloneSupport/UnityEditor.WindowsStandalone.Extensions.dll
Registered in 0.004511 seconds.
- Loaded All Assemblies, in  0.868 seconds
Native extension for WindowsStandalone target not found
Native extension for WebGL target not found
Mono: successfully reloaded assembly
- Finished resetting the current domain, in  0.428 seconds
Domain Reload Profiling: 1294ms
	BeginReloadAssembly (530ms)
		ExecutionOrderSort (0ms)
		DisableScriptedObjects (0ms)
		BackupInstance (0ms)
		ReleaseScriptingObjects (0ms)
		CreateAndSetChildDomain (8ms)
	RebuildCommonClasses (34ms)
	RebuildNativeTypeToScriptingClass (10ms)
	initialDomainReloadingComplete (73ms)
	LoadAllAssembliesAndSetupDomain (219ms)
		LoadAssemblies (554ms)
		RebuildTransferFunctionScriptingTraits (0ms)
		AnalyzeDomain (163ms)
			TypeCache.Refresh (161ms)
				TypeCache.ScanAssembly (145ms)
			BuildScriptInfoCaches (0ms)
			ResolveRequiredComponents (1ms)
	FinalizeReload (428ms)
		ReleaseScriptCaches (0ms)
		RebuildScriptCaches (0ms)
		SetupLoadedEditorAssemblies (376ms)
			LogAssemblyErrors (0ms)
			InitializePlatformSupportModulesInManaged (55ms)
			SetLoadedEditorAssemblies (5ms)
			BeforeProcessingInitializeOnLoad (63ms)
			ProcessInitializeOnLoadAttributes (187ms)
			ProcessInitializeOnLoadMethodAttributes (66ms)
			AfterProcessingInitializeOnLoad (0ms)
			EditorAssembliesLoaded (0ms)
		ExecutionOrderSort2 (0ms)
		AwakeInstancesAfterBackupRestoration (0ms)
========================================================================
Worker process is ready to serve import requests
Import Worker Mode flag is 0x00
Begin MonoManager ReloadAssembly
Unloading broken assembly Library/ScriptAssemblies/Unity.PlasticSCM.Editor.dll, this assembly can cause crashes in the runtime
- Loaded All Assemblies, in  9.962 seconds
Refreshing native plugins compatible for Editor in 1.71 ms, found 4 plugins.
Native extension for WindowsStandalone target not found
Native extension for WebGL target not found
Mono: successfully reloaded assembly
- Finished resetting the current domain, in  1.498 seconds
Domain Reload Profiling: 11457ms
	BeginReloadAssembly (281ms)
		ExecutionOrderSort (0ms)
		DisableScriptedObjects (27ms)
		BackupInstance (0ms)
		ReleaseScriptingObjects (0ms)
		CreateAndSetChildDomain (66ms)
	RebuildCommonClasses (43ms)
	RebuildNativeTypeToScriptingClass (12ms)
	initialDomainReloadingComplete (42ms)
	LoadAllAssembliesAndSetupDomain (9581ms)
		LoadAssemblies (9231ms)
		RebuildTransferFunctionScriptingTraits (0ms)
		AnalyzeDomain (489ms)
			TypeCache.Refresh (428ms)
				TypeCache.ScanAssembly (360ms)
			BuildScriptInfoCaches (47ms)
			ResolveRequiredComponents (8ms)
	FinalizeReload (1498ms)
		ReleaseScriptCaches (0ms)
		RebuildScriptCaches (0ms)
		SetupLoadedEditorAssemblies (1364ms)
			LogAssemblyErrors (0ms)
			InitializePlatformSupportModulesInManaged (4ms)
			SetLoadedEditorAssemblies (7ms)
			BeforeProcessingInitializeOnLoad (120ms)
			ProcessInitializeOnLoadAttributes (1144ms)
			ProcessInitializeOnLoadMethodAttributes (84ms)
			AfterProcessingInitializeOnLoad (4ms)
			EditorAssembliesLoaded (0ms)
		ExecutionOrderSort2 (0ms)
		AwakeInstancesAfterBackupRestoration (7ms)
Launched and connected shader compiler UnityShaderCompiler.exe after 0.31 seconds
Refreshing native plugins compatible for Editor in 2.29 ms, found 4 plugins.
Preloading 0 native plugins for Editor in 0.00 ms.
Unloading 14 Unused Serialized files (Serialized files now loaded: 0)
Unloading 4741 unused Assets / (2.1 MB). Loaded Objects now: 5215.
Memory consumption went from 93.4 MB to 91.3 MB.
Total: 15.143000 ms (FindLiveObjects: 0.743700 ms CreateObjectMapping: 0.815500 ms MarkObjects: 9.535500 ms  DeleteObjects: 4.045300 ms)

========================================================================
Received Import Request.
  Time since last request: 630532.570522 seconds.
  path: Assets/image
  artifactKey: Guid(786f07f29d16ed044b55e7f6b6310d35) Importer(815301076,1909f56bfc062723c751e8b465ee728b)
Start importing Assets/image using Guid(786f07f29d16ed044b55e7f6b6310d35) Importer(815301076,1909f56bfc062723c751e8b465ee728b) (PreviewImporter) -> (artifact id: 'c44d5880e864870bc398bb19535a0c30') in 0.0037731 seconds
Number of updated asset objects reloaded before import = 0Number of asset objects unloaded after import = 0

========================================================================
Received Import Request.
  Time since last request: 0.461259 seconds.
  path: Assets/image/atk.png
  artifactKey: Guid(44915a10e68f3e34ab0dfd807df63a99) Importer(815301076,1909f56bfc062723c751e8b465ee728b)
Start importing Assets/image/atk.png using Guid(44915a10e68f3e34ab0dfd807df63a99) Importer(815301076,1909f56bfc062723c751e8b465ee728b) (PreviewImporter) -> (artifact id: '710ea8956ca18189edc8051f26d7eb49') in 0.5570597 seconds
Number of updated asset objects reloaded before import = 0Number of asset objects unloaded after import = 3

========================================================================
Received Import Request.
  Time since last request: 0.000088 seconds.
  path: Assets/image/Player.png
  artifactKey: Guid(6c6d0fae9ddce1c4c8e90e80722ecdf0) Importer(815301076,1909f56bfc062723c751e8b465ee728b)
Start importing Assets/image/Player.png using Guid(6c6d0fae9ddce1c4c8e90e80722ecdf0) Importer(815301076,1909f56bfc062723c751e8b465ee728b) (PreviewImporter) -> (artifact id: 'ebbb8957d4951827da1215b4f66ba452') in 0.039459 seconds
Number of updated asset objects reloaded before import = 0Number of asset objects unloaded after import = 3

========================================================================
Received Import Request.
  Time since last request: 0.000068 seconds.
  path: Assets/image/Mountains.png
  artifactKey: Guid(3ac7cb0c7ec79ea42a65b37bb3a84b86) Importer(815301076,1909f56bfc062723c751e8b465ee728b)
Start importing Assets/image/Mountains.png using Guid(3ac7cb0c7ec79ea42a65b37bb3a84b86) Importer(815301076,1909f56bfc062723c751e8b465ee728b) (PreviewImporter) -> (artifact id: '32cf19dd29c01deb1ae224b4f274a924') in 0.0439923 seconds
Number of updated asset objects reloaded before import = 0Number of asset objects unloaded after import = 3

========================================================================
Received Import Request.
  Time since last request: 0.000025 seconds.
  path: Assets/image/Trees.png
  artifactKey: Guid(763b4ecd00ff84540b55039422b1beff) Importer(815301076,1909f56bfc062723c751e8b465ee728b)
Start importing Assets/image/Trees.png using Guid(763b4ecd00ff84540b55039422b1beff) Importer(815301076,1909f56bfc062723c751e8b465ee728b) (PreviewImporter) -> (artifact id: '7194a7a3c357d37b82b056a834b6013a') in 0.0570957 seconds
Number of updated asset objects reloaded before import = 0Number of asset objects unloaded after import = 7

========================================================================
Received Import Request.
  Time since last request: 0.000044 seconds.
  path: Assets/image/grass.png
  artifactKey: Guid(5fc42a50e2b2b4a49b5a8986cd5d0e68) Importer(815301076,1909f56bfc062723c751e8b465ee728b)
Start importing Assets/image/grass.png using Guid(5fc42a50e2b2b4a49b5a8986cd5d0e68) Importer(815301076,1909f56bfc062723c751e8b465ee728b) (PreviewImporter) -> (artifact id: 'f601c4ef1278cfd15dc667eca62f3560') in 0.0361334 seconds
Number of updated asset objects reloaded before import = 0Number of asset objects unloaded after import = 5

========================================================================
Received Import Request.
  Time since last request: 0.000031 seconds.
  path: Assets/image/Player_walk2.png
  artifactKey: Guid(2682bb22fc7e11640bf3c0288ddc6832) Importer(815301076,1909f56bfc062723c751e8b465ee728b)
Start importing Assets/image/Player_walk2.png using Guid(2682bb22fc7e11640bf3c0288ddc6832) Importer(815301076,1909f56bfc062723c751e8b465ee728b) (PreviewImporter) -> (artifact id: '841e5e464d59ba727e8f102ce614ce8d') in 0.0285537 seconds
Number of updated asset objects reloaded before import = 0Number of asset objects unloaded after import = 3

========================================================================
Received Import Request.
  Time since last request: 0.000031 seconds.
  path: Assets/image/opensprite.png
  artifactKey: Guid(c220b55c4de30d04fa16296eb63ac62d) Importer(815301076,1909f56bfc062723c751e8b465ee728b)
Start importing Assets/image/opensprite.png using Guid(c220b55c4de30d04fa16296eb63ac62d) Importer(815301076,1909f56bfc062723c751e8b465ee728b) (PreviewImporter) -> (artifact id: '986147b3663e88585ba2231e8609599f') in 0.0380854 seconds
Number of updated asset objects reloaded before import = 0Number of asset objects unloaded after import = 3

========================================================================
Received Import Request.
  Time since last request: 0.000051 seconds.
  path: Assets/image/HP Background.png
  artifactKey: Guid(acecf1611bd074647a467b859602c597) Importer(815301076,1909f56bfc062723c751e8b465ee728b)
Start importing Assets/image/HP Background.png using Guid(acecf1611bd074647a467b859602c597) Importer(815301076,1909f56bfc062723c751e8b465ee728b) (PreviewImporter) -> (artifact id: 'c88123565c376de355505aef87851e9d') in 0.0321682 seconds
Number of updated asset objects reloaded before import = 0Number of asset objects unloaded after import = 3

========================================================================
Received Import Request.
  Time since last request: 0.000106 seconds.
  path: Assets/image/platform.png
  artifactKey: Guid(c7873ced6d079e7479842b49fbe7a16c) Importer(815301076,1909f56bfc062723c751e8b465ee728b)
Start importing Assets/image/platform.png using Guid(c7873ced6d079e7479842b49fbe7a16c) Importer(815301076,1909f56bfc062723c751e8b465ee728b) (PreviewImporter) -> (artifact id: '4a49de313a3f8bdd363cdc26914f7e67') in 0.018123 seconds
Number of updated asset objects reloaded before import = 0Number of asset objects unloaded after import = 3

========================================================================
Received Import Request.
  Time since last request: 0.000031 seconds.
  path: Assets/image/hurt.png
  artifactKey: Guid(9a4d8052f548c49439aa7a1ad16a4a40) Importer(815301076,1909f56bfc062723c751e8b465ee728b)
Start importing Assets/image/hurt.png using Guid(9a4d8052f548c49439aa7a1ad16a4a40) Importer(815301076,1909f56bfc062723c751e8b465ee728b) (PreviewImporter) -> (artifact id: 'cd3f13db1295e53744e3448c2b8862a8') in 0.0407745 seconds
Number of updated asset objects reloaded before import = 0Number of asset objects unloaded after import = 3

========================================================================
Received Prepare
Refreshing native plugins compatible for Editor in 1.71 ms, found 4 plugins.
Preloading 0 native plugins for Editor in 0.00 ms.
Unloading 7 Unused Serialized files (Serialized files now loaded: 0)
Unloading 4729 unused Assets / (1.8 MB). Loaded Objects now: 5255.
Memory consumption went from 96.1 MB to 94.3 MB.
Total: 43.700100 ms (FindLiveObjects: 0.956400 ms CreateObjectMapping: 0.382600 ms MarkObjects: 40.983500 ms  DeleteObjects: 1.375800 ms)

Prepare: number of updated asset objects reloaded= 1
========================================================================
Received Prepare
Refreshing native plugins compatible for Editor in 78.50 ms, found 4 plugins.
Preloading 0 native plugins for Editor in 0.00 ms.
Unloading 7 Unused Serialized files (Serialized files now loaded: 0)
Unloading 4733 unused Assets / (1.9 MB). Loaded Objects now: 5259.
Memory consumption went from 96.0 MB to 94.1 MB.
Total: 26.775800 ms (FindLiveObjects: 2.374000 ms CreateObjectMapping: 1.035400 ms MarkObjects: 18.301600 ms  DeleteObjects: 5.059000 ms)

Prepare: number of updated asset objects reloaded= 0
========================================================================
Received Prepare
Refreshing native plugins compatible for Editor in 2.30 ms, found 4 plugins.
Preloading 0 native plugins for Editor in 0.00 ms.
Unloading 7 Unused Serialized files (Serialized files now loaded: 0)
Unloading 4733 unused Assets / (2.8 MB). Loaded Objects now: 5259.
Memory consumption went from 96.0 MB to 93.1 MB.
Total: 434.587500 ms (FindLiveObjects: 1.175800 ms CreateObjectMapping: 0.311300 ms MarkObjects: 408.441900 ms  DeleteObjects: 24.655800 ms)

Prepare: number of updated asset objects reloaded= 0
========================================================================
Received Prepare
Begin MonoManager ReloadAssembly
- Loaded All Assemblies, in 40.444 seconds
Refreshing native plugins compatible for Editor in 1.60 ms, found 4 plugins.
Native extension for WindowsStandalone target not found
Native extension for WebGL target not found
Mono: successfully reloaded assembly
- Finished resetting the current domain, in  2.243 seconds
Domain Reload Profiling: 42708ms
	BeginReloadAssembly (28814ms)
		ExecutionOrderSort (0ms)
		DisableScriptedObjects (9857ms)
		BackupInstance (0ms)
		ReleaseScriptingObjects (40ms)
		CreateAndSetChildDomain (6383ms)
	RebuildCommonClasses (168ms)
	RebuildNativeTypeToScriptingClass (11ms)
	initialDomainReloadingComplete (262ms)
	LoadAllAssembliesAndSetupDomain (11189ms)
		LoadAssemblies (10666ms)
		RebuildTransferFunctionScriptingTraits (0ms)
		AnalyzeDomain (3223ms)
			TypeCache.Refresh (1222ms)
				TypeCache.ScanAssembly (244ms)
			BuildScriptInfoCaches (1747ms)
			ResolveRequiredComponents (9ms)
	FinalizeReload (2263ms)
		ReleaseScriptCaches (0ms)
		RebuildScriptCaches (0ms)
		SetupLoadedEditorAssemblies (1966ms)
			LogAssemblyErrors (0ms)
			InitializePlatformSupportModulesInManaged (20ms)
			SetLoadedEditorAssemblies (29ms)
			BeforeProcessingInitializeOnLoad (800ms)
			ProcessInitializeOnLoadAttributes (973ms)
			ProcessInitializeOnLoadMethodAttributes (140ms)
			AfterProcessingInitializeOnLoad (3ms)
			EditorAssembliesLoaded (0ms)
		ExecutionOrderSort2 (0ms)
		AwakeInstancesAfterBackupRestoration (6ms)
Refreshing native plugins compatible for Editor in 1.77 ms, found 4 plugins.
Preloading 0 native plugins for Editor in 0.00 ms.
Unloading 7 Unused Serialized files (Serialized files now loaded: 0)
Unloading 4744 unused Assets / (1.7 MB). Loaded Objects now: 5261.
Memory consumption went from 97.9 MB to 96.2 MB.
Total: 7.112300 ms (FindLiveObjects: 0.422700 ms CreateObjectMapping: 0.360500 ms MarkObjects: 4.689800 ms  DeleteObjects: 1.637300 ms)

Prepare: number of updated asset objects reloaded= 0
========================================================================
Received Import Request.
  Time since last request: 1298.035342 seconds.
  path: Assets/dg_simpleCamFollow.cs
  artifactKey: Guid(2fb03b6c1df6d144c82a3acf25832770) Importer(2089858483,192608db42251d675da83286b1cce702)
Start importing Assets/dg_simpleCamFollow.cs using Guid(2fb03b6c1df6d144c82a3acf25832770) Importer(2089858483,192608db42251d675da83286b1cce702) (ScriptedImporter) -> (artifact id: '0634e445c3bdcc0f3113e9154fac5d8d') in 2.1139367 seconds
Number of updated asset objects reloaded before import = 0Number of asset objects unloaded after import = 0

========================================================================
Received Import Request.
  Time since last request: 0.000057 seconds.
  path: Assets/image/Mountains.png
  artifactKey: Guid(3ac7cb0c7ec79ea42a65b37bb3a84b86) Importer(2089858483,192608db42251d675da83286b1cce702)
Start importing Assets/image/Mountains.png using Guid(3ac7cb0c7ec79ea42a65b37bb3a84b86) Importer(2089858483,192608db42251d675da83286b1cce702) (ScriptedImporter) -> (artifact id: '8d87c1cbd85956e0c646506f15b6ef74') in 1.104772 seconds
Number of updated asset objects reloaded before import = 0Number of asset objects unloaded after import = 3

========================================================================
Received Import Request.
  Time since last request: 0.000048 seconds.
  path: Assets/image/land.png
  artifactKey: Guid(dab6d699f166fe4479483a65be7b6266) Importer(2089858483,192608db42251d675da83286b1cce702)
Start importing Assets/image/land.png using Guid(dab6d699f166fe4479483a65be7b6266) Importer(2089858483,192608db42251d675da83286b1cce702) (ScriptedImporter) -> (artifact id: '6c63007fb66d3cbac1c3f8e4522bbc69') in 0.2264366 seconds
Number of updated asset objects reloaded before import = 0Number of asset objects unloaded after import = 3

========================================================================
Received Import Request.
  Time since last request: 0.000019 seconds.
  path: Assets/image/attack.png
  artifactKey: Guid(fd184948a5ec48d4e8a6b36c64fa5bb2) Importer(2089858483,192608db42251d675da83286b1cce702)
Start importing Assets/image/attack.png using Guid(fd184948a5ec48d4e8a6b36c64fa5bb2) Importer(2089858483,192608db42251d675da83286b1cce702) (ScriptedImporter) -> (artifact id: '03a0f80423014ed77e6eb84aaa7ebad9') in 0.4054542 seconds
Number of updated asset objects reloaded before import = 0Number of asset objects unloaded after import = 8

========================================================================
Received Import Request.
  Time since last request: 0.000048 seconds.
  path: Assets/image/HP Foreground.png
  artifactKey: Guid(ea4cd0dc6c3e97f4a9c4f3a77645eddc) Importer(2089858483,192608db42251d675da83286b1cce702)
Start importing Assets/image/HP Foreground.png using Guid(ea4cd0dc6c3e97f4a9c4f3a77645eddc) Importer(2089858483,192608db42251d675da83286b1cce702) (ScriptedImporter) -> (artifact id: '2a4113077604baf5d0c40636e276d8de') in 0.3030339 seconds
Number of updated asset objects reloaded before import = 0Number of asset objects unloaded after import = 3

========================================================================
Received Import Request.
  Time since last request: 0.000373 seconds.
  path: Assets/image/platform.png
  artifactKey: Guid(c7873ced6d079e7479842b49fbe7a16c) Importer(2089858483,192608db42251d675da83286b1cce702)
Start importing Assets/image/platform.png using Guid(c7873ced6d079e7479842b49fbe7a16c) Importer(2089858483,192608db42251d675da83286b1cce702) (ScriptedImporter) -> (artifact id: 'ac13034821763dcf5815d5dd1588c748') in 0.1046994 seconds
Number of updated asset objects reloaded before import = 0Number of asset objects unloaded after import = 3

========================================================================
Received Import Request.
  Time since last request: 0.000044 seconds.
  path: Assets/Scenes/SampleScene.unity
  artifactKey: Guid(2cda990e2423bbf4892e6590ba056729) Importer(2089858483,192608db42251d675da83286b1cce702)
Start importing Assets/Scenes/SampleScene.unity using Guid(2cda990e2423bbf4892e6590ba056729) Importer(2089858483,192608db42251d675da83286b1cce702) (ScriptedImporter) -> (artifact id: 'df2ef4ef0ea7de805e4c2c358a56a16c') in 0.3935523 seconds
Number of updated asset objects reloaded before import = 0Number of asset objects unloaded after import = 1

========================================================================
Received Import Request.
  Time since last request: 0.000082 seconds.
  path: Assets/image/Player_0.controller
  artifactKey: Guid(6fcd675c9c7fd714aac953eff2c0dbdb) Importer(2089858483,192608db42251d675da83286b1cce702)
Start importing Assets/image/Player_0.controller using Guid(6fcd675c9c7fd714aac953eff2c0dbdb) Importer(2089858483,192608db42251d675da83286b1cce702) (ScriptedImporter) -> (artifact id: 'ca3caf09b36b73e06eddbb62b52deb93') in 3.6288305 seconds
Number of updated asset objects reloaded before import = 0Number of asset objects unloaded after import = 8

========================================================================
Received Import Request.
  Time since last request: 0.023076 seconds.
  path: Assets/InputSystem_Actions.inputactions
  artifactKey: Guid(3590b91b4603b465dbb4216d601bff33) Importer(2089858483,192608db42251d675da83286b1cce702)
Start importing Assets/InputSystem_Actions.inputactions using Guid(3590b91b4603b465dbb4216d601bff33) Importer(2089858483,192608db42251d675da83286b1cce702) (ScriptedImporter) -> (artifact id: '8ca24df87a20f29cb9056804afc09134') in 1.1533338 seconds
Number of updated asset objects reloaded before import = 0Number of asset objects unloaded after import = 16

========================================================================
Received Import Request.
  Time since last request: 0.000020 seconds.
  path: Assets/image/bat.png
  artifactKey: Guid(1d0bb0bf8407bab41b2af53d787699ea) Importer(2089858483,192608db42251d675da83286b1cce702)
Start importing Assets/image/bat.png using Guid(1d0bb0bf8407bab41b2af53d787699ea) Importer(2089858483,192608db42251d675da83286b1cce702) (ScriptedImporter) -> (artifact id: '50b7cabab082cd9faf1ce89a709af6b4') in 0.4811234 seconds
Number of updated asset objects reloaded before import = 0Number of asset objects unloaded after import = 5

========================================================================
Received Import Request.
  Time since last request: 0.000024 seconds.
  path: Assets/InputSystem_Actions.cs
  artifactKey: Guid(943535621fb1bc64982c665b768d9d70) Importer(2089858483,192608db42251d675da83286b1cce702)
Start importing Assets/InputSystem_Actions.cs using Guid(943535621fb1bc64982c665b768d9d70) Importer(2089858483,192608db42251d675da83286b1cce702) (ScriptedImporter) -> (artifact id: 'e1dc9ed4ad028185bcaf317d9fa68464') in 0.1251005 seconds
Number of updated asset objects reloaded before import = 0Number of asset objects unloaded after import = 0

Editor requested this worker to shutdown with reason: Scaling down because of idle timeout
AssetImportWorker is now disconnected from the server
Process exiting
Exiting without the bug reporter. Application will terminate with return code 0