Using pre-set license
Built from '6000.0/staging' branch; Version is '6000.0.42f1 (feb9a7235030) revision 16693671'; Using compiler version '193933523'; Build Type 'Release'
OS: 'Windows 11  (10.0.26100) 64bit Enterprise' Language: 'zh' Physical Memory: 7933 MB
BatchMode: 1, IsHumanControllingUs: 0, StartBugReporterOnCrash: 0, Is64bit: 1, IsPro: 1

COMMAND LINE ARGUMENTS:
D:\Unity\6000.0.42f1\Editor\Unity.exe
-adb2
-batchMode
-noUpm
-name
AssetImportWorker4
-projectPath
D:/Unity/2d demo
-logFile
Logs/AssetImportWorker4.log
-srvPort
63099
-job-worker-count
5
-background-job-worker-count
8
-gc-helper-count
1
Successfully changed project path to: D:/Unity/2d demo
D:/Unity/2d demo
[UnityMemory] Configuration Parameters - Can be set up in boot.config
    "memorysetup-bucket-allocator-granularity=16"
    "memorysetup-bucket-allocator-bucket-count=8"
    "memorysetup-bucket-allocator-block-size=33554432"
    "memorysetup-bucket-allocator-block-count=8"
    "memorysetup-main-allocator-block-size=16777216"
    "memorysetup-thread-allocator-block-size=16777216"
    "memorysetup-gfx-main-allocator-block-size=16777216"
    "memorysetup-gfx-thread-allocator-block-size=16777216"
    "memorysetup-cache-allocator-block-size=4194304"
    "memorysetup-typetree-allocator-block-size=2097152"
    "memorysetup-profiler-bucket-allocator-granularity=16"
    "memorysetup-profiler-bucket-allocator-bucket-count=8"
    "memorysetup-profiler-bucket-allocator-block-size=33554432"
    "memorysetup-profiler-bucket-allocator-block-count=8"
    "memorysetup-profiler-allocator-block-size=16777216"
    "memorysetup-profiler-editor-allocator-block-size=1048576"
    "memorysetup-temp-allocator-size-main=16777216"
    "memorysetup-job-temp-allocator-block-size=2097152"
    "memorysetup-job-temp-allocator-block-size-background=1048576"
    "memorysetup-job-temp-allocator-reduction-small-platforms=262144"
    "memorysetup-allocator-temp-initial-block-size-main=262144"
    "memorysetup-allocator-temp-initial-block-size-worker=262144"
    "memorysetup-temp-allocator-size-background-worker=32768"
    "memorysetup-temp-allocator-size-job-worker=262144"
    "memorysetup-temp-allocator-size-preload-manager=33554432"
    "memorysetup-temp-allocator-size-nav-mesh-worker=65536"
    "memorysetup-temp-allocator-size-audio-worker=65536"
    "memorysetup-temp-allocator-size-cloud-worker=32768"
    "memorysetup-temp-allocator-size-gi-baking-worker=262144"
    "memorysetup-temp-allocator-size-gi-baking-worker=262144"
    "memorysetup-temp-allocator-size-gi-baking-worker=262144"
    "memorysetup-temp-allocator-size-gi-baking-worker=262144"
    "memorysetup-temp-allocator-size-gi-baking-worker=262144"
    "memorysetup-temp-allocator-size-gfx=262144"
Player connection [19876]  Target information:

Player connection [19876]  * "[IP] 140.127.178.171 [Port] 0 [Flags] 2 [Guid] 361335345 [EditorId] 361335345 [Version] 1048832 [Id] WindowsEditor(7,DESKTOP-CIS3FDO) [Debug] 1 [PackageName] WindowsEditor [ProjectName] Editor" 

Player connection [19876] Host joined multi-casting on [225.0.0.222:54997]...
Player connection [19876] Host joined alternative multi-casting on [225.0.0.222:34997]...
JobSystem: Creating JobQueue using job-worker-count value 5
Input System module state changed to: Initialized.
[Physics::Module] Initialized fallback backend.
[Physics::Module] Id: 0xdecafbad
Library Redirect Path: Library/
[Physics::Module] Selected backend.
[Physics::Module] Name: PhysX
[Physics::Module] Id: 0xf2b8ea05
[Physics::Module] SDK Version: 4.1.2
[Physics::Module] Integration Version: 1.0.0
[Physics::Module] Threading Mode: Multi-Threaded
Refreshing native plugins compatible for Editor in 2.73 ms, found 4 plugins.
Preloading 0 native plugins for Editor in 0.00 ms.
Initialize engine version: 6000.0.42f1 (feb9a7235030)
[Subsystems] Discovering subsystems at path D:/Unity/6000.0.42f1/Editor/Data/Resources/UnitySubsystems
[Subsystems] Discovering subsystems at path D:/Unity/2d demo/Assets
GfxDevice: creating device client; kGfxThreadingModeNonThreaded
Direct3D:
    Version:  Direct3D 11.0 [level 11.1]
    Renderer: Intel(R) UHD Graphics 730 (ID=0x4692)
    Vendor:   Intel
    VRAM:     3966 MB
    Driver:   31.0.101.5081
Initialize mono
Mono path[0] = 'D:/Unity/6000.0.42f1/Editor/Data/Managed'
Mono path[1] = 'D:/Unity/6000.0.42f1/Editor/Data/MonoBleedingEdge/lib/mono/unityjit-win32'
Mono config path = 'D:/Unity/6000.0.42f1/Editor/Data/MonoBleedingEdge/etc'
Using monoOptions --debugger-agent=transport=dt_socket,embedding=1,server=y,suspend=n,address=127.0.0.1:56104
Begin MonoManager ReloadAssembly
Registering precompiled unity dll's ...
Register platform support module: D:/Unity/6000.0.42f1/Editor/Data/PlaybackEngines/WebGLSupport/UnityEditor.WebGL.Extensions.dll
Register platform support module: D:/Unity/6000.0.42f1/Editor/Data/PlaybackEngines/WindowsStandaloneSupport/UnityEditor.WindowsStandalone.Extensions.dll
Registered in 0.003185 seconds.
- Loaded All Assemblies, in  0.307 seconds
Native extension for WindowsStandalone target not found
Native extension for WebGL target not found
Mono: successfully reloaded assembly
- Finished resetting the current domain, in  0.259 seconds
Domain Reload Profiling: 564ms
	BeginReloadAssembly (110ms)
		ExecutionOrderSort (0ms)
		DisableScriptedObjects (0ms)
		BackupInstance (0ms)
		ReleaseScriptingObjects (0ms)
		CreateAndSetChildDomain (1ms)
	RebuildCommonClasses (27ms)
	RebuildNativeTypeToScriptingClass (9ms)
	initialDomainReloadingComplete (38ms)
	LoadAllAssembliesAndSetupDomain (123ms)
		LoadAssemblies (108ms)
		RebuildTransferFunctionScriptingTraits (0ms)
		AnalyzeDomain (120ms)
			TypeCache.Refresh (119ms)
				TypeCache.ScanAssembly (107ms)
			BuildScriptInfoCaches (0ms)
			ResolveRequiredComponents (0ms)
	FinalizeReload (259ms)
		ReleaseScriptCaches (0ms)
		RebuildScriptCaches (0ms)
		SetupLoadedEditorAssemblies (227ms)
			LogAssemblyErrors (0ms)
			InitializePlatformSupportModulesInManaged (19ms)
			SetLoadedEditorAssemblies (3ms)
			BeforeProcessingInitializeOnLoad (39ms)
			ProcessInitializeOnLoadAttributes (121ms)
			ProcessInitializeOnLoadMethodAttributes (44ms)
			AfterProcessingInitializeOnLoad (0ms)
			EditorAssembliesLoaded (0ms)
		ExecutionOrderSort2 (0ms)
		AwakeInstancesAfterBackupRestoration (0ms)
========================================================================
Worker process is ready to serve import requests
Import Worker Mode flag is 0x00
Begin MonoManager ReloadAssembly
Unloading broken assembly Library/ScriptAssemblies/Unity.PlasticSCM.Editor.dll, this assembly can cause crashes in the runtime
- Loaded All Assemblies, in  0.781 seconds
Refreshing native plugins compatible for Editor in 1.17 ms, found 4 plugins.
Native extension for WindowsStandalone target not found
Native extension for WebGL target not found
Mono: successfully reloaded assembly
- Finished resetting the current domain, in  1.616 seconds
Domain Reload Profiling: 2393ms
	BeginReloadAssembly (167ms)
		ExecutionOrderSort (0ms)
		DisableScriptedObjects (5ms)
		BackupInstance (0ms)
		ReleaseScriptingObjects (0ms)
		CreateAndSetChildDomain (21ms)
	RebuildCommonClasses (36ms)
	RebuildNativeTypeToScriptingClass (11ms)
	initialDomainReloadingComplete (57ms)
	LoadAllAssembliesAndSetupDomain (505ms)
		LoadAssemblies (460ms)
		RebuildTransferFunctionScriptingTraits (0ms)
		AnalyzeDomain (160ms)
			TypeCache.Refresh (119ms)
				TypeCache.ScanAssembly (106ms)
			BuildScriptInfoCaches (33ms)
			ResolveRequiredComponents (5ms)
	FinalizeReload (1616ms)
		ReleaseScriptCaches (0ms)
		RebuildScriptCaches (0ms)
		SetupLoadedEditorAssemblies (1532ms)
			LogAssemblyErrors (0ms)
			InitializePlatformSupportModulesInManaged (17ms)
			SetLoadedEditorAssemblies (4ms)
			BeforeProcessingInitializeOnLoad (82ms)
			ProcessInitializeOnLoadAttributes (1395ms)
			ProcessInitializeOnLoadMethodAttributes (32ms)
			AfterProcessingInitializeOnLoad (2ms)
			EditorAssembliesLoaded (0ms)
		ExecutionOrderSort2 (0ms)
		AwakeInstancesAfterBackupRestoration (6ms)
Launched and connected shader compiler UnityShaderCompiler.exe after 0.27 seconds
Refreshing native plugins compatible for Editor in 2.30 ms, found 4 plugins.
Preloading 0 native plugins for Editor in 0.00 ms.
Unloading 14 Unused Serialized files (Serialized files now loaded: 0)
Unloading 4741 unused Assets / (1.8 MB). Loaded Objects now: 5215.
Memory consumption went from 95.3 MB to 93.6 MB.
Total: 7.440400 ms (FindLiveObjects: 1.113900 ms CreateObjectMapping: 0.304800 ms MarkObjects: 4.784600 ms  DeleteObjects: 1.235800 ms)

========================================================================
Received Import Request.
  Time since last request: 630567.946868 seconds.
  path: Packages/com.unity.2d.spriteshape/Editor/ObjectMenuCreation/DefaultAssets/Sprite Shapes/SpriteShapeEdge.png
  artifactKey: Guid(0ae2b74b1edd14bb18dd7b65ae916a54) Importer(815301076,1909f56bfc062723c751e8b465ee728b)
Start importing Packages/com.unity.2d.spriteshape/Editor/ObjectMenuCreation/DefaultAssets/Sprite Shapes/SpriteShapeEdge.png using Guid(0ae2b74b1edd14bb18dd7b65ae916a54) Importer(815301076,1909f56bfc062723c751e8b465ee728b) (PreviewImporter) -> (artifact id: '085c765cd5f46a45ee83e2e94af63bc5') in 0.1570145 seconds
Number of updated asset objects reloaded before import = 0Number of asset objects unloaded after import = 3

========================================================================
Received Import Request.
  Time since last request: 48.277980 seconds.
  path: Assets/image/Sprite Shape Profile.asset
  artifactKey: Guid(a729eec4261ff864f8c6eebf39edc44c) Importer(815301076,1909f56bfc062723c751e8b465ee728b)
Start importing Assets/image/Sprite Shape Profile.asset using Guid(a729eec4261ff864f8c6eebf39edc44c) Importer(815301076,1909f56bfc062723c751e8b465ee728b) (PreviewImporter) -> (artifact id: 'd3d17e3249544ba326ae33603318d5f1') in 0.0034825 seconds
Number of updated asset objects reloaded before import = 0Number of asset objects unloaded after import = 4

========================================================================
Received Import Request.
  Time since last request: 141.043261 seconds.
  path: Assets/image/grass_0.controller
  artifactKey: Guid(9fd9cb9c5b987b3408caa1fbbd7c0d2a) Importer(815301076,1909f56bfc062723c751e8b465ee728b)
Start importing Assets/image/grass_0.controller using Guid(9fd9cb9c5b987b3408caa1fbbd7c0d2a) Importer(815301076,1909f56bfc062723c751e8b465ee728b) (PreviewImporter) -> (artifact id: '1109af53db83a817a79d4e3c1f54d543') in 0.0028519 seconds
Number of updated asset objects reloaded before import = 0Number of asset objects unloaded after import = 1

========================================================================
Received Import Request.
  Time since last request: 4.389241 seconds.
  path: Assets/image/New Animation.anim
  artifactKey: Guid(662ea18530874de42a49938eef1034f3) Importer(815301076,1909f56bfc062723c751e8b465ee728b)
Start importing Assets/image/New Animation.anim using Guid(662ea18530874de42a49938eef1034f3) Importer(815301076,1909f56bfc062723c751e8b465ee728b) (PreviewImporter) -> (artifact id: 'f1134ecbdfe5145effffe86208735e2e') in 0.0199124 seconds
Number of updated asset objects reloaded before import = 0Number of asset objects unloaded after import = 1

========================================================================
Received Import Request.
  Time since last request: 82.433312 seconds.
  path: Assets/image/Trees_0.controller
  artifactKey: Guid(6dda7cded1a9ee8478178430fcc5fb1f) Importer(815301076,1909f56bfc062723c751e8b465ee728b)
Start importing Assets/image/Trees_0.controller using Guid(6dda7cded1a9ee8478178430fcc5fb1f) Importer(815301076,1909f56bfc062723c751e8b465ee728b) (PreviewImporter) -> (artifact id: 'dba41597f3269eef7001371117648bf4') in 0.0017894 seconds
Number of updated asset objects reloaded before import = 0Number of asset objects unloaded after import = 1

========================================================================
Received Import Request.
  Time since last request: 172.123794 seconds.
  path: Assets/image/Sprite Shape Profile.asset
  artifactKey: Guid(a729eec4261ff864f8c6eebf39edc44c) Importer(815301076,1909f56bfc062723c751e8b465ee728b)
Start importing Assets/image/Sprite Shape Profile.asset using Guid(a729eec4261ff864f8c6eebf39edc44c) Importer(815301076,1909f56bfc062723c751e8b465ee728b) (PreviewImporter) -> (artifact id: '6128b52f2d72221293d8c9a1669a233b') in 0.0032732 seconds
Number of updated asset objects reloaded before import = 0Number of asset objects unloaded after import = 4

========================================================================
Received Import Request.
  Time since last request: 91.763358 seconds.
  path: Assets/image/Player_0 (1).controller
  artifactKey: Guid(c748ebc17387f4b40867725e7eeefa40) Importer(815301076,1909f56bfc062723c751e8b465ee728b)
Start importing Assets/image/Player_0 (1).controller using Guid(c748ebc17387f4b40867725e7eeefa40) Importer(815301076,1909f56bfc062723c751e8b465ee728b) (PreviewImporter) -> (artifact id: 'd8be29877080f6108b89f18075ff905d') in 0.0017811 seconds
Number of updated asset objects reloaded before import = 0Number of asset objects unloaded after import = 1

========================================================================
Received Import Request.
  Time since last request: 63.337531 seconds.
  path: Assets/image/Player_0.controller
  artifactKey: Guid(6fcd675c9c7fd714aac953eff2c0dbdb) Importer(815301076,1909f56bfc062723c751e8b465ee728b)
Start importing Assets/image/Player_0.controller using Guid(6fcd675c9c7fd714aac953eff2c0dbdb) Importer(815301076,1909f56bfc062723c751e8b465ee728b) (PreviewImporter) -> (artifact id: 'fc45860a9ab025e10286b9dd24f526ba') in 0.0151606 seconds
Number of updated asset objects reloaded before import = 0Number of asset objects unloaded after import = 4

========================================================================
Received Import Request.
  Time since last request: 239.615841 seconds.
  path: Assets/InputSystem_Actions.inputactions
  artifactKey: Guid(3590b91b4603b465dbb4216d601bff33) Importer(815301076,1909f56bfc062723c751e8b465ee728b)
Start importing Assets/InputSystem_Actions.inputactions using Guid(3590b91b4603b465dbb4216d601bff33) Importer(815301076,1909f56bfc062723c751e8b465ee728b) (PreviewImporter) -> (artifact id: 'f9c5269163d9dbd6939fac7daccccb2b') in 0.0073166 seconds
Number of updated asset objects reloaded before import = 1Number of asset objects unloaded after import = 14

========================================================================
Received Prepare
Refreshing native plugins compatible for Editor in 1.83 ms, found 4 plugins.
Preloading 0 native plugins for Editor in 0.00 ms.
Unloading 7 Unused Serialized files (Serialized files now loaded: 0)
Unloading 4729 unused Assets / (1.9 MB). Loaded Objects now: 5225.
Memory consumption went from 97.9 MB to 96.0 MB.
Total: 17.382200 ms (FindLiveObjects: 0.411200 ms CreateObjectMapping: 0.326100 ms MarkObjects: 14.454600 ms  DeleteObjects: 2.188200 ms)

Prepare: number of updated asset objects reloaded= 1
========================================================================
Received Import Request.
  Time since last request: 9.687328 seconds.
  path: Assets/InputSystem_Actions.inputactions
  artifactKey: Guid(3590b91b4603b465dbb4216d601bff33) Importer(815301076,1909f56bfc062723c751e8b465ee728b)
Start importing Assets/InputSystem_Actions.inputactions using Guid(3590b91b4603b465dbb4216d601bff33) Importer(815301076,1909f56bfc062723c751e8b465ee728b) (PreviewImporter) -> (artifact id: 'cbc588e93254f138c79ff8f367638981') in 0.0069881 seconds
Number of updated asset objects reloaded before import = 0Number of asset objects unloaded after import = 14

========================================================================
Received Prepare
Refreshing native plugins compatible for Editor in 1.37 ms, found 4 plugins.
Preloading 0 native plugins for Editor in 0.00 ms.
Unloading 7 Unused Serialized files (Serialized files now loaded: 0)
Unloading 4733 unused Assets / (1.7 MB). Loaded Objects now: 5229.
Memory consumption went from 97.9 MB to 96.2 MB.
Total: 12.006700 ms (FindLiveObjects: 0.634400 ms CreateObjectMapping: 1.196300 ms MarkObjects: 8.543100 ms  DeleteObjects: 1.630700 ms)

Prepare: number of updated asset objects reloaded= 0
========================================================================
Received Import Request.
  Time since last request: 57.156213 seconds.
  path: Assets/Playerinput.cs
  artifactKey: Guid(eebdce4e6e726ae4fbff7a53b947cfc7) Importer(815301076,1909f56bfc062723c751e8b465ee728b)
Start importing Assets/Playerinput.cs using Guid(eebdce4e6e726ae4fbff7a53b947cfc7) Importer(815301076,1909f56bfc062723c751e8b465ee728b) (PreviewImporter) -> (artifact id: '8bab65779c066699781cf7cdca42ce57') in 0.0009426 seconds
Number of updated asset objects reloaded before import = 0Number of asset objects unloaded after import = 0

========================================================================
Received Prepare
Refreshing native plugins compatible for Editor in 2.39 ms, found 4 plugins.
Preloading 0 native plugins for Editor in 0.00 ms.
Unloading 7 Unused Serialized files (Serialized files now loaded: 0)
Unloading 4733 unused Assets / (1.5 MB). Loaded Objects now: 5229.
Memory consumption went from 97.9 MB to 96.4 MB.
Total: 476.841500 ms (FindLiveObjects: 1.481700 ms CreateObjectMapping: 0.296600 ms MarkObjects: 437.177600 ms  DeleteObjects: 37.882200 ms)

Prepare: number of updated asset objects reloaded= 0
========================================================================
Received Import Request.
  Time since last request: 113.725945 seconds.
  path: Assets/Playerinput.cs
  artifactKey: Guid(eebdce4e6e726ae4fbff7a53b947cfc7) Importer(815301076,1909f56bfc062723c751e8b465ee728b)
Start importing Assets/Playerinput.cs using Guid(eebdce4e6e726ae4fbff7a53b947cfc7) Importer(815301076,1909f56bfc062723c751e8b465ee728b) (PreviewImporter) -> (artifact id: 'c5012f6dded319d2268bfc32bf7dc12d') in 0.9520591 seconds
Number of updated asset objects reloaded before import = 0Number of asset objects unloaded after import = 0

========================================================================
Received Prepare
Begin MonoManager ReloadAssembly
- Loaded All Assemblies, in 39.902 seconds
Refreshing native plugins compatible for Editor in 1.26 ms, found 4 plugins.
Native extension for WindowsStandalone target not found
Native extension for WebGL target not found
Mono: successfully reloaded assembly
- Finished resetting the current domain, in  2.348 seconds
Domain Reload Profiling: 42253ms
	BeginReloadAssembly (28462ms)
		ExecutionOrderSort (0ms)
		DisableScriptedObjects (8361ms)
		BackupInstance (0ms)
		ReleaseScriptingObjects (47ms)
		CreateAndSetChildDomain (7195ms)
	RebuildCommonClasses (97ms)
	RebuildNativeTypeToScriptingClass (10ms)
	initialDomainReloadingComplete (377ms)
	LoadAllAssembliesAndSetupDomain (10958ms)
		LoadAssemblies (10939ms)
		RebuildTransferFunctionScriptingTraits (0ms)
		AnalyzeDomain (2971ms)
			TypeCache.Refresh (922ms)
				TypeCache.ScanAssembly (181ms)
			BuildScriptInfoCaches (1127ms)
			ResolveRequiredComponents (32ms)
	FinalizeReload (2348ms)
		ReleaseScriptCaches (0ms)
		RebuildScriptCaches (0ms)
		SetupLoadedEditorAssemblies (2100ms)
			LogAssemblyErrors (0ms)
			InitializePlatformSupportModulesInManaged (3ms)
			SetLoadedEditorAssemblies (4ms)
			BeforeProcessingInitializeOnLoad (924ms)
			ProcessInitializeOnLoadAttributes (1085ms)
			ProcessInitializeOnLoadMethodAttributes (81ms)
			AfterProcessingInitializeOnLoad (2ms)
			EditorAssembliesLoaded (0ms)
		ExecutionOrderSort2 (0ms)
		AwakeInstancesAfterBackupRestoration (9ms)
Refreshing native plugins compatible for Editor in 1.78 ms, found 4 plugins.
Preloading 0 native plugins for Editor in 0.00 ms.
Unloading 7 Unused Serialized files (Serialized files now loaded: 0)
Unloading 4744 unused Assets / (1.6 MB). Loaded Objects now: 5231.
Memory consumption went from 99.8 MB to 98.2 MB.
Total: 6.644500 ms (FindLiveObjects: 0.461300 ms CreateObjectMapping: 0.349600 ms MarkObjects: 4.586400 ms  DeleteObjects: 1.244200 ms)

Prepare: number of updated asset objects reloaded= 0
========================================================================
Received Import Request.
  Time since last request: 236.828874 seconds.
  path: Assets/Playerinput.cs
  artifactKey: Guid(eebdce4e6e726ae4fbff7a53b947cfc7) Importer(815301076,1909f56bfc062723c751e8b465ee728b)
Start importing Assets/Playerinput.cs using Guid(eebdce4e6e726ae4fbff7a53b947cfc7) Importer(815301076,1909f56bfc062723c751e8b465ee728b) (PreviewImporter) -> (artifact id: '392014ceecfae06beaea992d351ba310') in 0.0361677 seconds
Number of updated asset objects reloaded before import = 0Number of asset objects unloaded after import = 0

========================================================================
Received Import Request.
  Time since last request: 2.212502 seconds.
  path: Assets/camerafolllow.cs
  artifactKey: Guid(28eb0a0a11a4289469708809c5349a59) Importer(2089858483,192608db42251d675da83286b1cce702)
Start importing Assets/camerafolllow.cs using Guid(28eb0a0a11a4289469708809c5349a59) Importer(2089858483,192608db42251d675da83286b1cce702) (ScriptedImporter) -> (artifact id: '4f5d8a46b3feed40126def3d1a4e6eba') in 2.047022 seconds
Number of updated asset objects reloaded before import = 0Number of asset objects unloaded after import = 0

========================================================================
Received Import Request.
  Time since last request: 0.000106 seconds.
  path: Assets/Paralax.cs
  artifactKey: Guid(f17c1cc2172c807498aebe8940313866) Importer(2089858483,192608db42251d675da83286b1cce702)
Start importing Assets/Paralax.cs using Guid(f17c1cc2172c807498aebe8940313866) Importer(2089858483,192608db42251d675da83286b1cce702) (ScriptedImporter) -> (artifact id: 'f386cb5fcec9fb67ef638fdb577a6e88') in 0.0608083 seconds
Number of updated asset objects reloaded before import = 0Number of asset objects unloaded after import = 0

========================================================================
Received Import Request.
  Time since last request: 0.000306 seconds.
  path: Assets/image/Player_walk2.png
  artifactKey: Guid(2682bb22fc7e11640bf3c0288ddc6832) Importer(2089858483,192608db42251d675da83286b1cce702)
Start importing Assets/image/Player_walk2.png using Guid(2682bb22fc7e11640bf3c0288ddc6832) Importer(2089858483,192608db42251d675da83286b1cce702) (ScriptedImporter) -> (artifact id: 'e442e723d50ea776d1009d1a4260d75c') in 0.9013109 seconds
Number of updated asset objects reloaded before import = 0Number of asset objects unloaded after import = 3

========================================================================
Received Import Request.
  Time since last request: 0.016526 seconds.
  path: Assets/image/tower.png
  artifactKey: Guid(850ab85855239464e9b7b439e19220b9) Importer(2089858483,192608db42251d675da83286b1cce702)
Start importing Assets/image/tower.png using Guid(850ab85855239464e9b7b439e19220b9) Importer(2089858483,192608db42251d675da83286b1cce702) (ScriptedImporter) -> (artifact id: 'c84d644fa3c5baafe1ceb8e901027ac2') in 0.2524765 seconds
Number of updated asset objects reloaded before import = 0Number of asset objects unloaded after import = 3

========================================================================
Received Import Request.
  Time since last request: 0.000554 seconds.
  path: Assets/image/Rocks.png
  artifactKey: Guid(4e417c1bde1704042a9bc7ba80bf6b25) Importer(2089858483,192608db42251d675da83286b1cce702)
Start importing Assets/image/Rocks.png using Guid(4e417c1bde1704042a9bc7ba80bf6b25) Importer(2089858483,192608db42251d675da83286b1cce702) (ScriptedImporter) -> (artifact id: 'ca3d9d271792d5568ae6e76efa84f7d8') in 0.0451626 seconds
Number of updated asset objects reloaded before import = 0Number of asset objects unloaded after import = 3

========================================================================
Received Import Request.
  Time since last request: 0.000018 seconds.
  path: Assets/Playerinput.cs
  artifactKey: Guid(eebdce4e6e726ae4fbff7a53b947cfc7) Importer(2089858483,192608db42251d675da83286b1cce702)
Start importing Assets/Playerinput.cs using Guid(eebdce4e6e726ae4fbff7a53b947cfc7) Importer(2089858483,192608db42251d675da83286b1cce702) (ScriptedImporter) -> (artifact id: '8ee850b1fad6089a9125510a7b7c9ca0') in 0.0383508 seconds
Number of updated asset objects reloaded before import = 0Number of asset objects unloaded after import = 0

========================================================================
Received Import Request.
  Time since last request: 0.000152 seconds.
  path: Assets/image/Sprite Shape Profile.asset
  artifactKey: Guid(a729eec4261ff864f8c6eebf39edc44c) Importer(2089858483,192608db42251d675da83286b1cce702)
Start importing Assets/image/Sprite Shape Profile.asset using Guid(a729eec4261ff864f8c6eebf39edc44c) Importer(2089858483,192608db42251d675da83286b1cce702) (ScriptedImporter) -> (artifact id: 'f85db56a4f20304fbaf1016a7ad9e678') in 0.3809055 seconds
Number of updated asset objects reloaded before import = 0Number of asset objects unloaded after import = 4

========================================================================
Received Import Request.
  Time since last request: 0.000038 seconds.
  path: Assets/image/hurt.png
  artifactKey: Guid(9a4d8052f548c49439aa7a1ad16a4a40) Importer(2089858483,192608db42251d675da83286b1cce702)
Start importing Assets/image/hurt.png using Guid(9a4d8052f548c49439aa7a1ad16a4a40) Importer(2089858483,192608db42251d675da83286b1cce702) (ScriptedImporter) -> (artifact id: '1058685f2b476ad7b728b463ee0438d2') in 0.0330542 seconds
Number of updated asset objects reloaded before import = 0Number of asset objects unloaded after import = 3

========================================================================
Received Import Request.
  Time since last request: 0.000136 seconds.
  path: Assets/image/Trees.png
  artifactKey: Guid(763b4ecd00ff84540b55039422b1beff) Importer(2089858483,192608db42251d675da83286b1cce702)
Start importing Assets/image/Trees.png using Guid(763b4ecd00ff84540b55039422b1beff) Importer(2089858483,192608db42251d675da83286b1cce702) (ScriptedImporter) -> (artifact id: '9910481fda9eacbe3e8e701feaab1063') in 0.2329495 seconds
Number of updated asset objects reloaded before import = 0Number of asset objects unloaded after import = 7

========================================================================
Received Import Request.
  Time since last request: 0.000061 seconds.
  path: Assets/image/Player.png
  artifactKey: Guid(6c6d0fae9ddce1c4c8e90e80722ecdf0) Importer(2089858483,192608db42251d675da83286b1cce702)
Start importing Assets/image/Player.png using Guid(6c6d0fae9ddce1c4c8e90e80722ecdf0) Importer(2089858483,192608db42251d675da83286b1cce702) (ScriptedImporter) -> (artifact id: '5111dd87f002013e5ebd668bc9a8531e') in 0.2757197 seconds
Number of updated asset objects reloaded before import = 0Number of asset objects unloaded after import = 3

========================================================================
Received Import Request.
  Time since last request: 0.000065 seconds.
  path: Assets/image/grass.png
  artifactKey: Guid(5fc42a50e2b2b4a49b5a8986cd5d0e68) Importer(2089858483,192608db42251d675da83286b1cce702)
Start importing Assets/image/grass.png using Guid(5fc42a50e2b2b4a49b5a8986cd5d0e68) Importer(2089858483,192608db42251d675da83286b1cce702) (ScriptedImporter) -> (artifact id: 'a825029d0d9c961e2a2d382c8bfa7882') in 0.6405275 seconds
Number of updated asset objects reloaded before import = 0Number of asset objects unloaded after import = 5

========================================================================
Received Import Request.
  Time since last request: 0.000029 seconds.
  path: Assets/image/HP Background.png
  artifactKey: Guid(acecf1611bd074647a467b859602c597) Importer(2089858483,192608db42251d675da83286b1cce702)
Start importing Assets/image/HP Background.png using Guid(acecf1611bd074647a467b859602c597) Importer(2089858483,192608db42251d675da83286b1cce702) (ScriptedImporter) -> (artifact id: '29f4005765a7b73b036646815d22bb05') in 0.8576326 seconds
Number of updated asset objects reloaded before import = 0Number of asset objects unloaded after import = 3

========================================================================
Received Import Request.
  Time since last request: 0.000071 seconds.
  path: Assets/image/stop.anim
  artifactKey: Guid(97c876563bda97246915795bdc1b9d56) Importer(2089858483,192608db42251d675da83286b1cce702)
Start importing Assets/image/stop.anim using Guid(97c876563bda97246915795bdc1b9d56) Importer(2089858483,192608db42251d675da83286b1cce702) (ScriptedImporter) -> (artifact id: '88d7661a44dd481a62294d7a5d062f6c') in 2.2411692 seconds
Number of updated asset objects reloaded before import = 0Number of asset objects unloaded after import = 1

========================================================================
Received Import Request.
  Time since last request: 0.023272 seconds.
  path: Assets/image/walk.anim
  artifactKey: Guid(46aeb05586a29dc4eac78e13f1cf3383) Importer(2089858483,192608db42251d675da83286b1cce702)
Start importing Assets/image/walk.anim using Guid(46aeb05586a29dc4eac78e13f1cf3383) Importer(2089858483,192608db42251d675da83286b1cce702) (ScriptedImporter) -> (artifact id: '8c3262d33d395732ccf7fb1ca87c0c0b') in 0.3896145 seconds
Number of updated asset objects reloaded before import = 0Number of asset objects unloaded after import = 1

========================================================================
Received Import Request.
  Time since last request: 0.000309 seconds.
  path: Assets/image/Player_walk1.png
  artifactKey: Guid(d53bfc59ca6750e438311497b087403e) Importer(2089858483,192608db42251d675da83286b1cce702)
Start importing Assets/image/Player_walk1.png using Guid(d53bfc59ca6750e438311497b087403e) Importer(2089858483,192608db42251d675da83286b1cce702) (ScriptedImporter) -> (artifact id: 'b32cb27729dd4e4fe70557531c4482c6') in 0.4793011 seconds
Number of updated asset objects reloaded before import = 0Number of asset objects unloaded after import = 3

========================================================================
Received Import Request.
  Time since last request: 0.000125 seconds.
  path: Assets/image/Clouds.png
  artifactKey: Guid(c6d95942a902c4b4dac17021304149cd) Importer(2089858483,192608db42251d675da83286b1cce702)
Start importing Assets/image/Clouds.png using Guid(c6d95942a902c4b4dac17021304149cd) Importer(2089858483,192608db42251d675da83286b1cce702) (ScriptedImporter) -> (artifact id: '7710bddfde430a2ddfc7ebb3fc2ceb5d') in 0.3830723 seconds
Number of updated asset objects reloaded before import = 0Number of asset objects unloaded after import = 3

========================================================================
Received Import Request.
  Time since last request: 0.000044 seconds.
  path: Assets/image/opensprite.png
  artifactKey: Guid(c220b55c4de30d04fa16296eb63ac62d) Importer(2089858483,192608db42251d675da83286b1cce702)
Start importing Assets/image/opensprite.png using Guid(c220b55c4de30d04fa16296eb63ac62d) Importer(2089858483,192608db42251d675da83286b1cce702) (ScriptedImporter) -> (artifact id: '53af82dfc06e224e1a48f1951fdde333') in 0.2593436 seconds
Number of updated asset objects reloaded before import = 0Number of asset objects unloaded after import = 3

========================================================================
Received Import Request.
  Time since last request: 0.000017 seconds.
  path: Assets/image/atk.png
  artifactKey: Guid(44915a10e68f3e34ab0dfd807df63a99) Importer(2089858483,192608db42251d675da83286b1cce702)
Start importing Assets/image/atk.png using Guid(44915a10e68f3e34ab0dfd807df63a99) Importer(2089858483,192608db42251d675da83286b1cce702) (ScriptedImporter) -> (artifact id: 'b142708231c2021c8bd6363990528cfc') in 0.2773516 seconds
Number of updated asset objects reloaded before import = 0Number of asset objects unloaded after import = 3

========================================================================
Received Prepare
Begin MonoManager ReloadAssembly
- Loaded All Assemblies, in  2.049 seconds
Refreshing native plugins compatible for Editor in 1.06 ms, found 4 plugins.
Native extension for WindowsStandalone target not found
Native extension for WebGL target not found
Mono: successfully reloaded assembly
- Finished resetting the current domain, in  0.707 seconds
Domain Reload Profiling: 2756ms
	BeginReloadAssembly (698ms)
		ExecutionOrderSort (0ms)
		DisableScriptedObjects (13ms)
		BackupInstance (0ms)
		ReleaseScriptingObjects (0ms)
		CreateAndSetChildDomain (67ms)
	RebuildCommonClasses (238ms)
	RebuildNativeTypeToScriptingClass (10ms)
	initialDomainReloadingComplete (25ms)
	LoadAllAssembliesAndSetupDomain (1077ms)
		LoadAssemblies (1464ms)
		RebuildTransferFunctionScriptingTraits (0ms)
		AnalyzeDomain (175ms)
			TypeCache.Refresh (7ms)
				TypeCache.ScanAssembly (0ms)
			BuildScriptInfoCaches (161ms)
			ResolveRequiredComponents (5ms)
	FinalizeReload (707ms)
		ReleaseScriptCaches (0ms)
		RebuildScriptCaches (0ms)
		SetupLoadedEditorAssemblies (602ms)
			LogAssemblyErrors (0ms)
			InitializePlatformSupportModulesInManaged (3ms)
			SetLoadedEditorAssemblies (5ms)
			BeforeProcessingInitializeOnLoad (89ms)
			ProcessInitializeOnLoadAttributes (467ms)
			ProcessInitializeOnLoadMethodAttributes (34ms)
			AfterProcessingInitializeOnLoad (3ms)
			EditorAssembliesLoaded (0ms)
		ExecutionOrderSort2 (0ms)
		AwakeInstancesAfterBackupRestoration (8ms)
Refreshing native plugins compatible for Editor in 1.09 ms, found 4 plugins.
Preloading 0 native plugins for Editor in 0.00 ms.
Unloading 7 Unused Serialized files (Serialized files now loaded: 0)
Unloading 4744 unused Assets / (1.5 MB). Loaded Objects now: 5233.
Memory consumption went from 99.9 MB to 98.4 MB.
Total: 5.843000 ms (FindLiveObjects: 0.361900 ms CreateObjectMapping: 0.281700 ms MarkObjects: 4.100700 ms  DeleteObjects: 1.097300 ms)

Prepare: number of updated asset objects reloaded= 0
========================================================================
Received Prepare
Begin MonoManager ReloadAssembly
- Loaded All Assemblies, in  0.694 seconds
Refreshing native plugins compatible for Editor in 1.82 ms, found 4 plugins.
Native extension for WindowsStandalone target not found
Native extension for WebGL target not found
Mono: successfully reloaded assembly
- Finished resetting the current domain, in  0.786 seconds
Domain Reload Profiling: 1482ms
	BeginReloadAssembly (226ms)
		ExecutionOrderSort (0ms)
		DisableScriptedObjects (11ms)
		BackupInstance (0ms)
		ReleaseScriptingObjects (0ms)
		CreateAndSetChildDomain (51ms)
	RebuildCommonClasses (35ms)
	RebuildNativeTypeToScriptingClass (11ms)
	initialDomainReloadingComplete (24ms)
	LoadAllAssembliesAndSetupDomain (400ms)
		LoadAssemblies (391ms)
		RebuildTransferFunctionScriptingTraits (0ms)
		AnalyzeDomain (137ms)
			TypeCache.Refresh (6ms)
				TypeCache.ScanAssembly (0ms)
			BuildScriptInfoCaches (120ms)
			ResolveRequiredComponents (6ms)
	FinalizeReload (787ms)
		ReleaseScriptCaches (0ms)
		RebuildScriptCaches (0ms)
		SetupLoadedEditorAssemblies (655ms)
			LogAssemblyErrors (0ms)
			InitializePlatformSupportModulesInManaged (3ms)
			SetLoadedEditorAssemblies (6ms)
			BeforeProcessingInitializeOnLoad (106ms)
			ProcessInitializeOnLoadAttributes (492ms)
			ProcessInitializeOnLoadMethodAttributes (44ms)
			AfterProcessingInitializeOnLoad (3ms)
			EditorAssembliesLoaded (1ms)
		ExecutionOrderSort2 (0ms)
		AwakeInstancesAfterBackupRestoration (18ms)
Refreshing native plugins compatible for Editor in 1.56 ms, found 4 plugins.
Preloading 0 native plugins for Editor in 0.00 ms.
Unloading 7 Unused Serialized files (Serialized files now loaded: 0)
Unloading 4744 unused Assets / (1.8 MB). Loaded Objects now: 5235.
Memory consumption went from 99.9 MB to 98.1 MB.
Total: 9.295900 ms (FindLiveObjects: 0.498900 ms CreateObjectMapping: 0.706600 ms MarkObjects: 5.707500 ms  DeleteObjects: 2.380700 ms)

Prepare: number of updated asset objects reloaded= 0
========================================================================
Received Import Request.
  Time since last request: 125.511396 seconds.
  path: Assets/image/Player_0.controller
  artifactKey: Guid(6fcd675c9c7fd714aac953eff2c0dbdb) Importer(815301076,1909f56bfc062723c751e8b465ee728b)
Start importing Assets/image/Player_0.controller using Guid(6fcd675c9c7fd714aac953eff2c0dbdb) Importer(815301076,1909f56bfc062723c751e8b465ee728b) (PreviewImporter) -> (artifact id: '516c7cbf78ed7b9896f82985bad1d64b') in 0.729457 seconds
Number of updated asset objects reloaded before import = 0Number of asset objects unloaded after import = 8

